[2025-05-02 09:22:13,958] [WARNING] No se encontraron pesos optimizados; usando lógica estándar.
[2025-05-02 09:22:22,446] [INFO] Worker lanzado: mhi1_maioria sobre EURUSD
[2025-05-02 09:22:23,680] [INFO] Worker lanzado: mhi1_minoria sobre EURUSD
[2025-05-02 09:22:25,057] [INFO] Worker lanzado: mhi2_maioria sobre EURUSD
[2025-05-02 09:22:25,665] [INFO] Worker lanzado: mhi2_minoria sobre EURUSD
[2025-05-02 09:22:26,081] [INFO] Worker lanzado: mhi3_maioria sobre EURUSD
[2025-05-02 09:22:27,443] [INFO] Worker lanzado: mhi3_minoria sobre EURUSD
[2025-05-02 09:22:28,498] [INFO] Worker lanzado: milhao_maioria sobre EURUSD
[2025-05-02 09:22:30,396] [INFO] Worker lanzado: milhao_minoria sobre EURUSD
[2025-05-02 09:22:31,528] [INFO] Worker lanzado: padrao_impar sobre EURUSD
[2025-05-02 09:22:33,216] [INFO] Worker lanzado: melhor_de_3 sobre EURUSD
[2025-05-02 09:22:35,665] [INFO] Worker lanzado: padrao_23 sobre EURUSD
[2025-05-02 09:22:39,197] [INFO] Worker lanzado: turno_over sobre EURUSD
[2025-05-02 09:22:40,971] [INFO] Worker lanzado: seven_flip sobre EURUSD
[2025-05-02 09:22:41,705] [INFO] Worker lanzado: gaba sobre EURUSD
[2025-05-02 09:22:43,609] [INFO] Worker lanzado: five_flip sobre EURUSD
[2025-05-02 09:22:45,326] [INFO] Worker lanzado: reversao sobre EURUSD
[2025-05-02 09:22:46,775] [INFO] Worker lanzado: tres_vizinhos sobre EURUSD
[2025-05-02 09:22:49,195] [INFO] Worker lanzado: torres_gemeas sobre EURUSD
[2025-05-02 09:22:50,897] [INFO] Worker lanzado: tres_mosqueteiros sobre EURUSD
[2025-05-02 09:22:51,611] [INFO] Worker lanzado: mhi1_maioria sobre USDJPY-OTC
[2025-05-02 09:22:51,904] [INFO] Worker lanzado: mhi1_minoria sobre USDJPY-OTC
[2025-05-02 09:22:52,180] [INFO] Worker lanzado: mhi2_maioria sobre USDJPY-OTC
[2025-05-02 09:22:52,587] [INFO] Worker lanzado: mhi2_minoria sobre USDJPY-OTC
[2025-05-02 09:22:52,817] [INFO] Worker lanzado: mhi3_maioria sobre USDJPY-OTC
[2025-05-02 09:22:53,608] [INFO] Worker lanzado: mhi3_minoria sobre USDJPY-OTC
[2025-05-02 09:22:54,089] [INFO] Worker lanzado: milhao_maioria sobre USDJPY-OTC
[2025-05-02 09:22:54,409] [INFO] Worker lanzado: milhao_minoria sobre USDJPY-OTC
[2025-05-02 09:22:54,598] [INFO] Worker lanzado: padrao_impar sobre USDJPY-OTC
[2025-05-02 09:22:54,676] [INFO] Worker lanzado: melhor_de_3 sobre USDJPY-OTC
[2025-05-02 09:22:54,863] [INFO] Worker lanzado: padrao_23 sobre USDJPY-OTC
[2025-05-02 09:22:55,311] [INFO] Worker lanzado: turno_over sobre USDJPY-OTC
[2025-05-02 09:22:55,777] [INFO] Worker lanzado: seven_flip sobre USDJPY-OTC
[2025-05-02 09:22:56,183] [INFO] Worker lanzado: gaba sobre USDJPY-OTC
[2025-05-02 09:22:56,429] [INFO] Worker lanzado: five_flip sobre USDJPY-OTC
[2025-05-02 09:22:56,768] [INFO] Worker lanzado: reversao sobre USDJPY-OTC
[2025-05-02 09:22:56,984] [INFO] Worker lanzado: tres_vizinhos sobre USDJPY-OTC
[2025-05-02 09:22:57,218] [INFO] Worker lanzado: torres_gemeas sobre USDJPY-OTC
[2025-05-02 09:22:57,511] [INFO] Worker lanzado: tres_mosqueteiros sobre USDJPY-OTC
[2025-05-02 09:22:58,227] [INFO] Worker lanzado: mhi1_maioria sobre GBPUSD
[2025-05-02 09:22:58,462] [INFO] Worker lanzado: mhi1_minoria sobre GBPUSD
[2025-05-02 09:22:58,847] [INFO] Worker lanzado: mhi2_maioria sobre GBPUSD
[2025-05-02 09:22:59,190] [INFO] Worker lanzado: mhi2_minoria sobre GBPUSD
[2025-05-02 09:22:59,468] [INFO] Worker lanzado: mhi3_maioria sobre GBPUSD
[2025-05-02 09:22:59,918] [INFO] Worker lanzado: mhi3_minoria sobre GBPUSD
[2025-05-02 09:23:00,120] [INFO] Worker lanzado: milhao_maioria sobre GBPUSD
[2025-05-02 09:23:00,477] [INFO] Worker lanzado: milhao_minoria sobre GBPUSD
[2025-05-02 09:23:00,848] [INFO] Worker lanzado: padrao_impar sobre GBPUSD
[2025-05-02 09:23:01,005] [INFO] Worker lanzado: melhor_de_3 sobre GBPUSD
[2025-05-02 09:23:01,407] [INFO] Worker lanzado: padrao_23 sobre GBPUSD
[2025-05-02 09:23:02,089] [INFO] Worker lanzado: turno_over sobre GBPUSD
[2025-05-02 09:23:02,399] [INFO] Worker lanzado: seven_flip sobre GBPUSD
[2025-05-02 09:23:02,973] [INFO] Worker lanzado: gaba sobre GBPUSD
[2025-05-02 09:23:03,311] [INFO] Worker lanzado: five_flip sobre GBPUSD
[2025-05-02 09:23:03,589] [INFO] Worker lanzado: reversao sobre GBPUSD
[2025-05-02 09:23:04,284] [INFO] Worker lanzado: tres_vizinhos sobre GBPUSD
[2025-05-02 09:23:04,739] [INFO] Worker lanzado: torres_gemeas sobre GBPUSD
[2025-05-02 09:23:05,175] [INFO] Worker lanzado: tres_mosqueteiros sobre GBPUSD
