[2025-05-01 09:19:03,552] [WARNING] No se encontraron pesos optimizados; usando lógica estándar.
[2025-05-01 09:19:06,650] [INFO] Worker lanzado: mhi1_maioria sobre EURUSD
[2025-05-01 09:19:07,105] [INFO] Worker lanzado: mhi1_minoria sobre EURUSD
[2025-05-01 09:19:07,557] [INFO] Worker lanzado: mhi2_maioria sobre EURUSD
[2025-05-01 09:19:08,402] [INFO] Worker lanzado: mhi2_minoria sobre EURUSD
[2025-05-01 09:19:09,383] [INFO] Worker lanzado: mhi3_maioria sobre EURUSD
[2025-05-01 09:19:09,992] [INFO] Worker lanzado: mhi3_minoria sobre EURUSD
[2025-05-01 09:19:11,180] [INFO] Worker lanzado: milhao_maioria sobre EURUSD
[2025-05-01 09:19:12,536] [INFO] Worker lanzado: milhao_minoria sobre EURUSD
[2025-05-01 09:19:13,842] [INFO] Worker lanzado: padrao_impar sobre EURUSD
[2025-05-01 09:19:17,129] [INFO] Worker lanzado: melhor_de_3 sobre EURUSD
[2025-05-01 09:19:20,472] [INFO] Worker lanzado: padrao_23 sobre EURUSD
[2025-05-01 09:19:24,285] [INFO] Worker lanzado: turno_over sobre EURUSD
[2025-05-01 09:19:28,237] [INFO] Worker lanzado: seven_flip sobre EURUSD
[2025-05-01 09:19:32,176] [INFO] Worker lanzado: gaba sobre EURUSD
[2025-05-01 09:19:38,291] [INFO] Worker lanzado: five_flip sobre EURUSD
[2025-05-01 09:19:45,753] [INFO] Worker lanzado: reversao sobre EURUSD
[2025-05-01 09:19:51,193] [INFO] Worker lanzado: tres_vizinhos sobre EURUSD
[2025-05-01 09:19:56,803] [INFO] Worker lanzado: torres_gemeas sobre EURUSD
[2025-05-01 09:20:04,394] [INFO] Worker lanzado: tres_mosqueteiros sobre EURUSD
[2025-05-01 09:20:07,083] [INFO] Worker lanzado: mhi1_maioria sobre USDJPY-OTC
[2025-05-01 09:20:10,014] [INFO] Worker lanzado: mhi1_minoria sobre USDJPY-OTC
[2025-05-01 09:20:11,039] [INFO] Worker lanzado: mhi2_maioria sobre USDJPY-OTC
[2025-05-01 09:20:14,711] [INFO] Worker lanzado: mhi2_minoria sobre USDJPY-OTC
[2025-05-01 09:20:18,953] [INFO] Worker lanzado: mhi3_maioria sobre USDJPY-OTC
[2025-05-01 09:20:21,334] [INFO] Worker lanzado: mhi3_minoria sobre USDJPY-OTC
[2025-05-01 09:20:25,290] [INFO] Worker lanzado: milhao_maioria sobre USDJPY-OTC
[2025-05-01 09:20:34,328] [INFO] Worker lanzado: milhao_minoria sobre USDJPY-OTC
[2025-05-01 09:20:36,186] [INFO] Worker lanzado: padrao_impar sobre USDJPY-OTC
[2025-05-01 09:20:42,530] [INFO] Worker lanzado: melhor_de_3 sobre USDJPY-OTC
[2025-05-01 09:20:48,864] [INFO] Worker lanzado: padrao_23 sobre USDJPY-OTC
[2025-05-01 09:20:58,036] [INFO] Worker lanzado: turno_over sobre USDJPY-OTC
[2025-05-01 09:21:06,312] [INFO] Worker lanzado: seven_flip sobre USDJPY-OTC
[2025-05-01 09:21:12,084] [INFO] Worker lanzado: gaba sobre USDJPY-OTC
[2025-05-01 09:21:17,876] [INFO] Worker lanzado: five_flip sobre USDJPY-OTC
[2025-05-01 09:21:21,614] [INFO] Worker lanzado: reversao sobre USDJPY-OTC
[2025-05-01 09:21:26,971] [INFO] Worker lanzado: tres_vizinhos sobre USDJPY-OTC
[2025-05-01 09:21:36,171] [INFO] Worker lanzado: torres_gemeas sobre USDJPY-OTC
[2025-05-01 09:21:43,023] [INFO] Worker lanzado: tres_mosqueteiros sobre USDJPY-OTC
[2025-05-01 09:21:49,753] [INFO] Worker lanzado: mhi1_maioria sobre GBPUSD
[2025-05-01 09:21:54,605] [INFO] Worker lanzado: mhi1_minoria sobre GBPUSD
[2025-05-01 09:22:00,150] [INFO] Worker lanzado: mhi2_maioria sobre GBPUSD
[2025-05-01 09:22:03,828] [INFO] Worker lanzado: mhi2_minoria sobre GBPUSD
[2025-05-01 09:22:08,165] [INFO] Worker lanzado: mhi3_maioria sobre GBPUSD
[2025-05-01 09:22:12,232] [INFO] Worker lanzado: mhi3_minoria sobre GBPUSD
[2025-05-01 09:22:29,729] [INFO] Worker lanzado: milhao_maioria sobre GBPUSD
[2025-05-01 09:22:35,873] [INFO] Worker lanzado: milhao_minoria sobre GBPUSD
[2025-05-01 09:22:41,490] [INFO] Worker lanzado: padrao_impar sobre GBPUSD
[2025-05-01 09:22:47,434] [INFO] Worker lanzado: melhor_de_3 sobre GBPUSD
[2025-05-01 09:22:57,410] [INFO] Worker lanzado: padrao_23 sobre GBPUSD
[2025-05-01 09:23:06,917] [INFO] Worker lanzado: turno_over sobre GBPUSD
[2025-05-01 09:23:13,932] [INFO] Worker lanzado: seven_flip sobre GBPUSD
[2025-05-01 09:23:17,216] [INFO] Worker lanzado: gaba sobre GBPUSD
[2025-05-01 09:23:28,150] [INFO] Worker lanzado: five_flip sobre GBPUSD
[2025-05-01 09:52:16,799] [WARNING] No se encontraron pesos optimizados; usando lógica estándar.
[2025-05-01 10:00:17,684] [WARNING] No se encontraron pesos optimizados; usando lógica estándar.
[2025-05-01 10:04:06,340] [WARNING] No se encontraron pesos optimizados; usando lógica estándar.
[2025-05-01 10:05:19,714] [WARNING] No se encontraron pesos optimizados; usando lógica estándar.
[2025-05-01 10:05:25,468] [INFO] Worker lanzado: mhi1_maioria sobre EURUSD
[2025-05-01 10:05:27,146] [INFO] Worker lanzado: mhi1_minoria sobre EURUSD
[2025-05-01 10:05:27,763] [INFO] Worker lanzado: mhi2_maioria sobre EURUSD
[2025-05-01 10:05:28,771] [INFO] Worker lanzado: mhi2_minoria sobre EURUSD
[2025-05-01 10:05:29,081] [INFO] Worker lanzado: mhi3_maioria sobre EURUSD
[2025-05-01 10:05:29,627] [INFO] Worker lanzado: mhi3_minoria sobre EURUSD
[2025-05-01 10:05:32,350] [INFO] Worker lanzado: milhao_maioria sobre EURUSD
[2025-05-01 10:05:33,450] [INFO] Worker lanzado: milhao_minoria sobre EURUSD
[2025-05-01 10:05:34,470] [INFO] Worker lanzado: padrao_impar sobre EURUSD
[2025-05-01 10:05:35,300] [INFO] Worker lanzado: melhor_de_3 sobre EURUSD
[2025-05-01 10:05:36,865] [INFO] Worker lanzado: padrao_23 sobre EURUSD
[2025-05-01 10:05:38,561] [INFO] Worker lanzado: turno_over sobre EURUSD
[2025-05-01 10:05:40,654] [INFO] Worker lanzado: seven_flip sobre EURUSD
[2025-05-01 10:05:41,845] [INFO] Worker lanzado: gaba sobre EURUSD
[2025-05-01 10:05:42,754] [INFO] Worker lanzado: five_flip sobre EURUSD
[2025-05-01 10:05:42,985] [INFO] Worker lanzado: reversao sobre EURUSD
[2025-05-01 10:05:44,086] [INFO] Worker lanzado: tres_vizinhos sobre EURUSD
[2025-05-01 10:05:45,263] [INFO] Worker lanzado: torres_gemeas sobre EURUSD
[2025-05-01 10:05:46,472] [INFO] Worker lanzado: tres_mosqueteiros sobre EURUSD
[2025-05-01 10:05:47,105] [INFO] Worker lanzado: mhi1_maioria sobre USDJPY-OTC
[2025-05-01 10:05:47,400] [INFO] Worker lanzado: mhi1_minoria sobre USDJPY-OTC
[2025-05-01 10:05:47,807] [INFO] Worker lanzado: mhi2_maioria sobre USDJPY-OTC
[2025-05-01 10:05:47,989] [INFO] Worker lanzado: mhi2_minoria sobre USDJPY-OTC
[2025-05-01 10:05:48,506] [INFO] Worker lanzado: mhi3_maioria sobre USDJPY-OTC
[2025-05-01 10:05:48,658] [INFO] Worker lanzado: mhi3_minoria sobre USDJPY-OTC
[2025-05-01 10:05:48,983] [INFO] Worker lanzado: milhao_maioria sobre USDJPY-OTC
[2025-05-01 10:05:49,184] [INFO] Worker lanzado: milhao_minoria sobre USDJPY-OTC
[2025-05-01 10:05:49,401] [INFO] Worker lanzado: padrao_impar sobre USDJPY-OTC
[2025-05-01 10:05:49,942] [INFO] Worker lanzado: melhor_de_3 sobre USDJPY-OTC
[2025-05-01 10:05:51,026] [INFO] Worker lanzado: padrao_23 sobre USDJPY-OTC
[2025-05-01 10:05:51,549] [INFO] Worker lanzado: turno_over sobre USDJPY-OTC
[2025-05-01 10:05:51,766] [INFO] Worker lanzado: seven_flip sobre USDJPY-OTC
[2025-05-01 10:05:52,352] [INFO] Worker lanzado: gaba sobre USDJPY-OTC
[2025-05-01 10:05:52,893] [INFO] Worker lanzado: five_flip sobre USDJPY-OTC
[2025-05-01 10:05:53,297] [INFO] Worker lanzado: reversao sobre USDJPY-OTC
[2025-05-01 10:05:53,596] [INFO] Worker lanzado: tres_vizinhos sobre USDJPY-OTC
[2025-05-01 10:05:54,189] [INFO] Worker lanzado: torres_gemeas sobre USDJPY-OTC
[2025-05-01 10:05:54,916] [INFO] Worker lanzado: tres_mosqueteiros sobre USDJPY-OTC
[2025-05-01 10:05:55,211] [INFO] Worker lanzado: mhi1_maioria sobre GBPUSD
[2025-05-01 10:05:55,636] [INFO] Worker lanzado: mhi1_minoria sobre GBPUSD
[2025-05-01 10:05:55,975] [INFO] Worker lanzado: mhi2_maioria sobre GBPUSD
[2025-05-01 10:05:56,333] [INFO] Worker lanzado: mhi2_minoria sobre GBPUSD
[2025-05-01 10:05:57,000] [INFO] Worker lanzado: mhi3_maioria sobre GBPUSD
[2025-05-01 10:05:57,416] [INFO] Worker lanzado: mhi3_minoria sobre GBPUSD
[2025-05-01 10:05:57,850] [INFO] Worker lanzado: milhao_maioria sobre GBPUSD
[2025-05-01 10:05:58,344] [INFO] Worker lanzado: milhao_minoria sobre GBPUSD
[2025-05-01 10:05:58,700] [INFO] Worker lanzado: padrao_impar sobre GBPUSD
[2025-05-01 10:05:59,367] [INFO] Worker lanzado: melhor_de_3 sobre GBPUSD
[2025-05-01 10:05:59,630] [INFO] Worker lanzado: padrao_23 sobre GBPUSD
[2025-05-01 10:06:00,067] [INFO] Worker lanzado: turno_over sobre GBPUSD
[2025-05-01 10:06:00,346] [INFO] Worker lanzado: seven_flip sobre GBPUSD
[2025-05-01 10:06:00,962] [INFO] Worker lanzado: gaba sobre GBPUSD
[2025-05-01 10:06:01,240] [INFO] Worker lanzado: five_flip sobre GBPUSD
[2025-05-01 10:06:01,320] [INFO] Worker lanzado: reversao sobre GBPUSD
[2025-05-01 10:06:01,384] [INFO] Worker lanzado: tres_vizinhos sobre GBPUSD
[2025-05-01 10:06:01,601] [INFO] Worker lanzado: torres_gemeas sobre GBPUSD
[2025-05-01 10:06:01,879] [INFO] Worker lanzado: tres_mosqueteiros sobre GBPUSD
[2025-05-01 10:06:02,035] [INFO] Núcleo en ejecución continua.
[2025-05-01 10:17:06,534] [WARNING] No se encontraron pesos optimizados; usando lógica estándar.
[2025-05-01 10:17:15,569] [INFO] Worker lanzado: mhi1_maioria sobre EURUSD
[2025-05-01 10:17:16,649] [INFO] Worker lanzado: mhi1_minoria sobre EURUSD
[2025-05-01 10:17:18,028] [INFO] Worker lanzado: mhi2_maioria sobre EURUSD
[2025-05-01 10:17:18,329] [INFO] Worker lanzado: mhi2_minoria sobre EURUSD
[2025-05-01 10:17:19,173] [INFO] Worker lanzado: mhi3_maioria sobre EURUSD
[2025-05-01 10:17:19,591] [INFO] Worker lanzado: mhi3_minoria sobre EURUSD
[2025-05-01 10:17:19,880] [INFO] Worker lanzado: milhao_maioria sobre EURUSD
[2025-05-01 10:17:20,916] [INFO] Worker lanzado: milhao_minoria sobre EURUSD
[2025-05-01 10:17:21,907] [INFO] Worker lanzado: padrao_impar sobre EURUSD
[2025-05-01 10:17:23,174] [INFO] Worker lanzado: melhor_de_3 sobre EURUSD
[2025-05-01 10:17:24,886] [INFO] Worker lanzado: padrao_23 sobre EURUSD
[2025-05-01 10:17:26,176] [INFO] Worker lanzado: turno_over sobre EURUSD
[2025-05-01 10:17:27,894] [INFO] Worker lanzado: seven_flip sobre EURUSD
[2025-05-01 10:17:29,849] [INFO] Worker lanzado: gaba sobre EURUSD
[2025-05-01 10:17:30,987] [INFO] Worker lanzado: five_flip sobre EURUSD
[2025-05-01 10:17:32,917] [INFO] Worker lanzado: reversao sobre EURUSD
[2025-05-01 10:17:34,210] [INFO] Worker lanzado: tres_vizinhos sobre EURUSD
[2025-05-01 10:17:35,765] [INFO] Worker lanzado: torres_gemeas sobre EURUSD
[2025-05-01 10:17:38,467] [INFO] Worker lanzado: tres_mosqueteiros sobre EURUSD
[2025-05-01 10:17:39,451] [INFO] Worker lanzado: mhi1_maioria sobre USDJPY-OTC
[2025-05-01 10:17:40,366] [INFO] Worker lanzado: mhi1_minoria sobre USDJPY-OTC
[2025-05-01 10:17:40,802] [INFO] Worker lanzado: mhi2_maioria sobre USDJPY-OTC
[2025-05-01 10:17:41,392] [INFO] Worker lanzado: mhi2_minoria sobre USDJPY-OTC
[2025-05-01 10:17:42,463] [INFO] Worker lanzado: mhi3_maioria sobre USDJPY-OTC
[2025-05-01 10:17:42,943] [INFO] Worker lanzado: mhi3_minoria sobre USDJPY-OTC
[2025-05-01 10:17:43,984] [INFO] Worker lanzado: milhao_maioria sobre USDJPY-OTC
[2025-05-01 10:17:44,372] [INFO] Worker lanzado: milhao_minoria sobre USDJPY-OTC
[2025-05-01 10:17:44,481] [INFO] Worker lanzado: padrao_impar sobre USDJPY-OTC
[2025-05-01 10:17:45,236] [INFO] Worker lanzado: melhor_de_3 sobre USDJPY-OTC
[2025-05-01 10:17:45,409] [INFO] Worker lanzado: padrao_23 sobre USDJPY-OTC
[2025-05-01 10:17:45,571] [INFO] Worker lanzado: turno_over sobre USDJPY-OTC
[2025-05-01 10:17:45,905] [INFO] Worker lanzado: seven_flip sobre USDJPY-OTC
[2025-05-01 10:17:46,588] [INFO] Worker lanzado: gaba sobre USDJPY-OTC
[2025-05-01 10:17:46,932] [INFO] Worker lanzado: five_flip sobre USDJPY-OTC
[2025-05-01 10:17:47,242] [INFO] Worker lanzado: reversao sobre USDJPY-OTC
[2025-05-01 10:17:47,459] [INFO] Worker lanzado: tres_vizinhos sobre USDJPY-OTC
[2025-05-01 10:17:47,677] [INFO] Worker lanzado: torres_gemeas sobre USDJPY-OTC
[2025-05-01 10:17:48,286] [INFO] Worker lanzado: tres_mosqueteiros sobre USDJPY-OTC
[2025-05-01 10:17:48,456] [INFO] Worker lanzado: mhi1_maioria sobre GBPUSD
[2025-05-01 10:17:48,798] [INFO] Worker lanzado: mhi1_minoria sobre GBPUSD
[2025-05-01 10:17:49,609] [INFO] Worker lanzado: mhi2_maioria sobre GBPUSD
[2025-05-01 10:17:50,072] [INFO] Worker lanzado: mhi2_minoria sobre GBPUSD
[2025-05-01 10:17:50,319] [INFO] Worker lanzado: mhi3_maioria sobre GBPUSD
[2025-05-01 10:17:50,622] [INFO] Worker lanzado: mhi3_minoria sobre GBPUSD
[2025-05-01 10:17:50,720] [INFO] Worker lanzado: milhao_maioria sobre GBPUSD
[2025-05-01 10:17:50,954] [INFO] Worker lanzado: milhao_minoria sobre GBPUSD
[2025-05-01 10:17:51,379] [INFO] Worker lanzado: padrao_impar sobre GBPUSD
[2025-05-01 10:17:51,936] [INFO] Worker lanzado: melhor_de_3 sobre GBPUSD
[2025-05-01 10:17:52,487] [INFO] Worker lanzado: padrao_23 sobre GBPUSD
[2025-05-01 10:17:52,754] [INFO] Worker lanzado: turno_over sobre GBPUSD
[2025-05-01 10:17:53,047] [INFO] Worker lanzado: seven_flip sobre GBPUSD
[2025-05-01 10:17:53,458] [INFO] Worker lanzado: gaba sobre GBPUSD
[2025-05-01 10:17:54,130] [INFO] Worker lanzado: five_flip sobre GBPUSD
[2025-05-01 10:17:54,409] [INFO] Worker lanzado: reversao sobre GBPUSD
[2025-05-01 10:17:55,202] [INFO] Worker lanzado: tres_vizinhos sobre GBPUSD
[2025-05-01 10:17:55,856] [INFO] Worker lanzado: torres_gemeas sobre GBPUSD
[2025-05-01 10:17:56,101] [INFO] Worker lanzado: tres_mosqueteiros sobre GBPUSD
[2025-05-01 10:17:56,319] [INFO] Núcleo en ejecución continua.
[2025-05-01 10:35:16,637] [WARNING] No se encontraron pesos optimizados; usando lógica estándar.
[2025-05-01 10:35:21,911] [INFO] Worker lanzado: mhi1_maioria sobre EURUSD
[2025-05-01 10:35:22,901] [INFO] Worker lanzado: mhi1_minoria sobre EURUSD
[2025-05-01 10:35:24,184] [INFO] Worker lanzado: mhi2_maioria sobre EURUSD
[2025-05-01 10:35:24,775] [INFO] Worker lanzado: mhi2_minoria sobre EURUSD
[2025-05-01 10:35:25,175] [INFO] Worker lanzado: mhi3_maioria sobre EURUSD
[2025-05-01 10:35:25,754] [INFO] Worker lanzado: mhi3_minoria sobre EURUSD
[2025-05-01 10:35:25,835] [INFO] Worker lanzado: milhao_maioria sobre EURUSD
[2025-05-01 10:35:26,602] [INFO] Worker lanzado: milhao_minoria sobre EURUSD
[2025-05-01 10:35:27,302] [INFO] Worker lanzado: padrao_impar sobre EURUSD
[2025-05-01 10:35:28,288] [INFO] Worker lanzado: melhor_de_3 sobre EURUSD
[2025-05-01 10:35:29,377] [INFO] Worker lanzado: padrao_23 sobre EURUSD
[2025-05-01 10:35:30,015] [INFO] Worker lanzado: turno_over sobre EURUSD
[2025-05-01 10:35:31,199] [INFO] Worker lanzado: seven_flip sobre EURUSD
[2025-05-01 10:35:32,887] [INFO] Worker lanzado: gaba sobre EURUSD
[2025-05-01 10:35:35,260] [INFO] Worker lanzado: five_flip sobre EURUSD
[2025-05-01 10:35:36,674] [INFO] Worker lanzado: reversao sobre EURUSD
[2025-05-01 10:35:37,977] [INFO] Worker lanzado: tres_vizinhos sobre EURUSD
[2025-05-01 10:35:38,441] [INFO] Worker lanzado: torres_gemeas sobre EURUSD
[2025-05-01 10:35:39,541] [INFO] Worker lanzado: tres_mosqueteiros sobre EURUSD
[2025-05-01 10:35:40,179] [INFO] Worker lanzado: mhi1_maioria sobre USDJPY-OTC
[2025-05-01 10:35:40,260] [INFO] Worker lanzado: mhi1_minoria sobre USDJPY-OTC
[2025-05-01 10:35:40,352] [INFO] Worker lanzado: mhi2_maioria sobre USDJPY-OTC
[2025-05-01 10:35:40,522] [INFO] Worker lanzado: mhi2_minoria sobre USDJPY-OTC
[2025-05-01 10:35:40,723] [INFO] Worker lanzado: mhi3_maioria sobre USDJPY-OTC
[2025-05-01 10:35:41,019] [INFO] Worker lanzado: mhi3_minoria sobre USDJPY-OTC
[2025-05-01 10:35:41,189] [INFO] Worker lanzado: milhao_maioria sobre USDJPY-OTC
[2025-05-01 10:35:41,488] [INFO] Worker lanzado: milhao_minoria sobre USDJPY-OTC
[2025-05-01 10:35:41,828] [INFO] Worker lanzado: padrao_impar sobre USDJPY-OTC
[2025-05-01 10:35:42,014] [INFO] Worker lanzado: melhor_de_3 sobre USDJPY-OTC
[2025-05-01 10:35:42,171] [INFO] Worker lanzado: padrao_23 sobre USDJPY-OTC
[2025-05-01 10:35:42,404] [INFO] Worker lanzado: turno_over sobre USDJPY-OTC
[2025-05-01 10:35:42,554] [INFO] Worker lanzado: seven_flip sobre USDJPY-OTC
[2025-05-01 10:35:42,650] [INFO] Worker lanzado: gaba sobre USDJPY-OTC
[2025-05-01 10:35:42,787] [INFO] Worker lanzado: five_flip sobre USDJPY-OTC
[2025-05-01 10:35:43,389] [INFO] Worker lanzado: reversao sobre USDJPY-OTC
[2025-05-01 10:35:43,885] [INFO] Worker lanzado: tres_vizinhos sobre USDJPY-OTC
[2025-05-01 10:35:44,207] [INFO] Worker lanzado: torres_gemeas sobre USDJPY-OTC
[2025-05-01 10:35:44,842] [INFO] Worker lanzado: tres_mosqueteiros sobre USDJPY-OTC
[2025-05-01 10:35:45,992] [INFO] Worker lanzado: mhi1_maioria sobre GBPUSD
[2025-05-01 10:35:46,351] [INFO] Worker lanzado: mhi1_minoria sobre GBPUSD
[2025-05-01 10:35:46,585] [INFO] Worker lanzado: mhi2_maioria sobre GBPUSD
[2025-05-01 10:35:46,753] [INFO] Worker lanzado: mhi2_minoria sobre GBPUSD
[2025-05-01 10:35:46,922] [INFO] Worker lanzado: mhi3_maioria sobre GBPUSD
[2025-05-01 10:35:47,063] [INFO] Worker lanzado: mhi3_minoria sobre GBPUSD
[2025-05-01 10:35:47,172] [INFO] Worker lanzado: milhao_maioria sobre GBPUSD
[2025-05-01 10:35:47,358] [INFO] Worker lanzado: milhao_minoria sobre GBPUSD
[2025-05-01 10:35:47,840] [INFO] Worker lanzado: padrao_impar sobre GBPUSD
[2025-05-01 10:35:48,026] [INFO] Worker lanzado: melhor_de_3 sobre GBPUSD
[2025-05-01 10:35:48,585] [INFO] Worker lanzado: padrao_23 sobre GBPUSD
[2025-05-01 10:35:48,863] [INFO] Worker lanzado: turno_over sobre GBPUSD
[2025-05-01 10:35:49,251] [INFO] Worker lanzado: seven_flip sobre GBPUSD
[2025-05-01 10:35:49,595] [INFO] Worker lanzado: gaba sobre GBPUSD
[2025-05-01 10:35:49,939] [INFO] Worker lanzado: five_flip sobre GBPUSD
[2025-05-01 10:35:50,240] [INFO] Worker lanzado: reversao sobre GBPUSD
[2025-05-01 10:35:50,746] [INFO] Worker lanzado: tres_vizinhos sobre GBPUSD
[2025-05-01 10:35:51,192] [INFO] Worker lanzado: torres_gemeas sobre GBPUSD
[2025-05-01 10:35:51,472] [INFO] Worker lanzado: tres_mosqueteiros sobre GBPUSD
[2025-05-01 10:35:51,534] [INFO] Núcleo en ejecución continua.
[2025-05-01 11:32:20,959] [WARNING] No se encontraron pesos optimizados; usando lógica estándar.
[2025-05-01 11:32:26,766] [INFO] Worker lanzado: mhi1_maioria sobre EURUSD
[2025-05-01 11:32:27,584] [INFO] Worker lanzado: mhi1_minoria sobre EURUSD
[2025-05-01 11:32:28,504] [INFO] Worker lanzado: mhi2_maioria sobre EURUSD
[2025-05-01 11:32:28,759] [INFO] Worker lanzado: mhi2_minoria sobre EURUSD
[2025-05-01 11:32:28,971] [INFO] Worker lanzado: mhi3_maioria sobre EURUSD
[2025-05-01 11:32:29,352] [INFO] Worker lanzado: mhi3_minoria sobre EURUSD
[2025-05-01 11:32:29,440] [INFO] Worker lanzado: milhao_maioria sobre EURUSD
[2025-05-01 11:32:30,279] [INFO] Worker lanzado: milhao_minoria sobre EURUSD
[2025-05-01 11:32:30,697] [INFO] Worker lanzado: padrao_impar sobre EURUSD
[2025-05-01 11:32:31,624] [INFO] Worker lanzado: melhor_de_3 sobre EURUSD
[2025-05-01 11:32:32,320] [INFO] Worker lanzado: padrao_23 sobre EURUSD
[2025-05-01 11:32:32,986] [INFO] Worker lanzado: turno_over sobre EURUSD
[2025-05-01 11:32:33,778] [INFO] Worker lanzado: seven_flip sobre EURUSD
[2025-05-01 11:32:34,525] [INFO] Worker lanzado: gaba sobre EURUSD
[2025-05-01 11:32:35,084] [INFO] Worker lanzado: five_flip sobre EURUSD
[2025-05-01 11:32:36,016] [INFO] Worker lanzado: reversao sobre EURUSD
[2025-05-01 11:32:36,530] [INFO] Worker lanzado: tres_vizinhos sobre EURUSD
[2025-05-01 11:32:37,166] [INFO] Worker lanzado: torres_gemeas sobre EURUSD
[2025-05-01 11:32:37,939] [INFO] Worker lanzado: tres_mosqueteiros sobre EURUSD
[2025-05-01 11:32:38,095] [INFO] Worker lanzado: mhi1_maioria sobre USDJPY-OTC
[2025-05-01 11:32:38,216] [INFO] Worker lanzado: mhi1_minoria sobre USDJPY-OTC
[2025-05-01 11:32:38,308] [INFO] Worker lanzado: mhi2_maioria sobre USDJPY-OTC
[2025-05-01 11:32:38,506] [INFO] Worker lanzado: mhi2_minoria sobre USDJPY-OTC
[2025-05-01 11:32:38,874] [INFO] Worker lanzado: mhi3_maioria sobre USDJPY-OTC
[2025-05-01 11:32:39,060] [INFO] Worker lanzado: mhi3_minoria sobre USDJPY-OTC
[2025-05-01 11:32:39,600] [INFO] Worker lanzado: milhao_maioria sobre USDJPY-OTC
[2025-05-01 11:32:39,847] [INFO] Worker lanzado: milhao_minoria sobre USDJPY-OTC
[2025-05-01 11:32:40,284] [INFO] Worker lanzado: padrao_impar sobre USDJPY-OTC
[2025-05-01 11:32:40,516] [INFO] Worker lanzado: melhor_de_3 sobre USDJPY-OTC
[2025-05-01 11:32:40,814] [INFO] Worker lanzado: padrao_23 sobre USDJPY-OTC
[2025-05-01 11:32:41,185] [INFO] Worker lanzado: turno_over sobre USDJPY-OTC
[2025-05-01 11:32:41,511] [INFO] Worker lanzado: seven_flip sobre USDJPY-OTC
[2025-05-01 11:32:41,835] [INFO] Worker lanzado: gaba sobre USDJPY-OTC
[2025-05-01 11:32:42,131] [INFO] Worker lanzado: five_flip sobre USDJPY-OTC
[2025-05-01 11:32:42,533] [INFO] Worker lanzado: reversao sobre USDJPY-OTC
[2025-05-01 11:32:42,656] [INFO] Worker lanzado: tres_vizinhos sobre USDJPY-OTC
[2025-05-01 11:32:42,751] [INFO] Worker lanzado: torres_gemeas sobre USDJPY-OTC
[2025-05-01 11:32:43,135] [INFO] Worker lanzado: tres_mosqueteiros sobre USDJPY-OTC
[2025-05-01 11:32:43,258] [INFO] Worker lanzado: mhi1_maioria sobre GBPUSD
[2025-05-01 11:32:43,599] [INFO] Worker lanzado: mhi1_minoria sobre GBPUSD
[2025-05-01 11:32:43,958] [INFO] Worker lanzado: mhi2_maioria sobre GBPUSD
[2025-05-01 11:32:44,282] [INFO] Worker lanzado: mhi2_minoria sobre GBPUSD
[2025-05-01 11:32:44,682] [INFO] Worker lanzado: mhi3_maioria sobre GBPUSD
[2025-05-01 11:32:45,130] [INFO] Worker lanzado: mhi3_minoria sobre GBPUSD
[2025-05-01 11:32:45,410] [INFO] Worker lanzado: milhao_maioria sobre GBPUSD
[2025-05-01 11:32:45,675] [INFO] Worker lanzado: milhao_minoria sobre GBPUSD
[2025-05-01 11:32:45,767] [INFO] Worker lanzado: padrao_impar sobre GBPUSD
[2025-05-01 11:32:45,847] [INFO] Worker lanzado: melhor_de_3 sobre GBPUSD
[2025-05-01 11:32:46,092] [INFO] Worker lanzado: padrao_23 sobre GBPUSD
[2025-05-01 11:32:46,523] [INFO] Worker lanzado: turno_over sobre GBPUSD
[2025-05-01 11:32:46,569] [INFO] Worker lanzado: seven_flip sobre GBPUSD
[2025-05-01 11:32:46,741] [INFO] Worker lanzado: gaba sobre GBPUSD
[2025-05-01 11:32:47,066] [INFO] Worker lanzado: five_flip sobre GBPUSD
[2025-05-01 11:32:47,312] [INFO] Worker lanzado: reversao sobre GBPUSD
[2025-05-01 11:32:47,552] [INFO] Worker lanzado: tres_vizinhos sobre GBPUSD
[2025-05-01 11:32:47,684] [INFO] Worker lanzado: torres_gemeas sobre GBPUSD
[2025-05-01 11:32:47,792] [INFO] Worker lanzado: tres_mosqueteiros sobre GBPUSD
[2025-05-01 12:00:12,095] [WARNING] No se encontraron pesos optimizados; usando lógica estándar.
[2025-05-01 12:00:16,961] [INFO] Worker lanzado: mhi1_maioria sobre EURUSD
[2025-05-01 12:00:17,986] [INFO] Worker lanzado: mhi1_minoria sobre EURUSD
[2025-05-01 12:00:18,403] [INFO] Worker lanzado: mhi2_maioria sobre EURUSD
[2025-05-01 12:00:19,098] [INFO] Worker lanzado: mhi2_minoria sobre EURUSD
[2025-05-01 12:00:19,836] [INFO] Worker lanzado: mhi3_maioria sobre EURUSD
[2025-05-01 12:00:21,056] [INFO] Worker lanzado: mhi3_minoria sobre EURUSD
[2025-05-01 12:00:21,661] [INFO] Worker lanzado: milhao_maioria sobre EURUSD
[2025-05-01 12:00:22,169] [INFO] Worker lanzado: milhao_minoria sobre EURUSD
[2025-05-01 12:00:23,141] [INFO] Worker lanzado: padrao_impar sobre EURUSD
[2025-05-01 12:00:24,222] [INFO] Worker lanzado: melhor_de_3 sobre EURUSD
[2025-05-01 12:00:25,247] [INFO] Worker lanzado: padrao_23 sobre EURUSD
[2025-05-01 12:00:27,306] [INFO] Worker lanzado: turno_over sobre EURUSD
[2025-05-01 12:00:28,538] [INFO] Worker lanzado: seven_flip sobre EURUSD
[2025-05-01 12:00:29,324] [INFO] Worker lanzado: gaba sobre EURUSD
[2025-05-01 12:00:30,145] [INFO] Worker lanzado: five_flip sobre EURUSD
[2025-05-01 12:00:31,477] [INFO] Worker lanzado: reversao sobre EURUSD
[2025-05-01 12:00:32,220] [INFO] Worker lanzado: tres_vizinhos sobre EURUSD
[2025-05-01 12:00:32,905] [INFO] Worker lanzado: torres_gemeas sobre EURUSD
[2025-05-01 12:00:34,261] [INFO] Worker lanzado: tres_mosqueteiros sobre EURUSD
[2025-05-01 12:00:34,601] [INFO] Worker lanzado: mhi1_maioria sobre USDJPY-OTC
[2025-05-01 12:00:34,771] [INFO] Worker lanzado: mhi1_minoria sobre USDJPY-OTC
[2025-05-01 12:00:35,202] [INFO] Worker lanzado: mhi2_maioria sobre USDJPY-OTC
[2025-05-01 12:00:35,559] [INFO] Worker lanzado: mhi2_minoria sobre USDJPY-OTC
[2025-05-01 12:00:35,855] [INFO] Worker lanzado: mhi3_maioria sobre USDJPY-OTC
[2025-05-01 12:00:36,211] [INFO] Worker lanzado: mhi3_minoria sobre USDJPY-OTC
[2025-05-01 12:00:36,737] [INFO] Worker lanzado: milhao_maioria sobre USDJPY-OTC
[2025-05-01 12:00:37,032] [INFO] Worker lanzado: milhao_minoria sobre USDJPY-OTC
[2025-05-01 12:00:37,516] [INFO] Worker lanzado: padrao_impar sobre USDJPY-OTC
[2025-05-01 12:00:37,872] [INFO] Worker lanzado: melhor_de_3 sobre USDJPY-OTC
[2025-05-01 12:00:38,167] [INFO] Worker lanzado: padrao_23 sobre USDJPY-OTC
[2025-05-01 12:00:38,429] [INFO] Worker lanzado: turno_over sobre USDJPY-OTC
[2025-05-01 12:00:38,864] [INFO] Worker lanzado: seven_flip sobre USDJPY-OTC
[2025-05-01 12:00:39,050] [INFO] Worker lanzado: gaba sobre USDJPY-OTC
[2025-05-01 12:00:39,297] [INFO] Worker lanzado: five_flip sobre USDJPY-OTC
[2025-05-01 12:00:39,916] [INFO] Worker lanzado: reversao sobre USDJPY-OTC
[2025-05-01 12:00:40,163] [INFO] Worker lanzado: tres_vizinhos sobre USDJPY-OTC
[2025-05-01 12:00:40,365] [INFO] Worker lanzado: torres_gemeas sobre USDJPY-OTC
[2025-05-01 12:00:40,720] [INFO] Worker lanzado: tres_mosqueteiros sobre USDJPY-OTC
[2025-05-01 12:00:40,906] [INFO] Worker lanzado: mhi1_maioria sobre GBPUSD
[2025-05-01 12:00:41,076] [INFO] Worker lanzado: mhi1_minoria sobre GBPUSD
[2025-05-01 12:00:41,535] [INFO] Worker lanzado: mhi2_maioria sobre GBPUSD
[2025-05-01 12:00:41,906] [INFO] Worker lanzado: mhi2_minoria sobre GBPUSD
[2025-05-01 12:00:42,213] [INFO] Worker lanzado: mhi3_maioria sobre GBPUSD
[2025-05-01 12:00:42,536] [INFO] Worker lanzado: mhi3_minoria sobre GBPUSD
[2025-05-01 12:00:42,597] [INFO] Worker lanzado: milhao_maioria sobre GBPUSD
[2025-05-01 12:00:42,783] [INFO] Worker lanzado: milhao_minoria sobre GBPUSD
[2025-05-01 12:00:43,155] [INFO] Worker lanzado: padrao_impar sobre GBPUSD
[2025-05-01 12:00:43,528] [INFO] Worker lanzado: melhor_de_3 sobre GBPUSD
[2025-05-01 12:00:43,826] [INFO] Worker lanzado: padrao_23 sobre GBPUSD
[2025-05-01 12:00:44,137] [INFO] Worker lanzado: turno_over sobre GBPUSD
[2025-05-01 12:00:44,741] [INFO] Worker lanzado: seven_flip sobre GBPUSD
[2025-05-01 12:00:45,238] [INFO] Worker lanzado: gaba sobre GBPUSD
[2025-05-01 12:00:45,427] [INFO] Worker lanzado: five_flip sobre GBPUSD
[2025-05-01 12:00:45,566] [INFO] Worker lanzado: reversao sobre GBPUSD
[2025-05-01 12:00:45,690] [INFO] Worker lanzado: tres_vizinhos sobre GBPUSD
[2025-05-01 12:00:46,047] [INFO] Worker lanzado: torres_gemeas sobre GBPUSD
[2025-05-01 12:00:46,141] [INFO] Worker lanzado: tres_mosqueteiros sobre GBPUSD
[2025-05-01 12:16:12,958] [WARNING] No se encontraron pesos optimizados; usando lógica estándar.
[2025-05-01 12:16:18,125] [INFO] Worker lanzado: mhi1_maioria sobre EURUSD
[2025-05-01 12:16:19,576] [INFO] Worker lanzado: mhi1_minoria sobre EURUSD
[2025-05-01 12:16:20,443] [INFO] Worker lanzado: mhi2_maioria sobre EURUSD
[2025-05-01 12:16:21,235] [INFO] Worker lanzado: mhi2_minoria sobre EURUSD
[2025-05-01 12:16:21,869] [INFO] Worker lanzado: mhi3_maioria sobre EURUSD
[2025-05-01 12:16:22,302] [INFO] Worker lanzado: mhi3_minoria sobre EURUSD
[2025-05-01 12:16:23,165] [INFO] Worker lanzado: milhao_maioria sobre EURUSD
[2025-05-01 12:16:23,798] [INFO] Worker lanzado: milhao_minoria sobre EURUSD
[2025-05-01 12:16:24,590] [INFO] Worker lanzado: padrao_impar sobre EURUSD
[2025-05-01 12:16:25,570] [INFO] Worker lanzado: melhor_de_3 sobre EURUSD
[2025-05-01 12:16:27,024] [INFO] Worker lanzado: padrao_23 sobre EURUSD
[2025-05-01 12:16:27,821] [INFO] Worker lanzado: turno_over sobre EURUSD
[2025-05-01 12:16:28,298] [INFO] Worker lanzado: seven_flip sobre EURUSD
[2025-05-01 12:16:29,170] [INFO] Worker lanzado: gaba sobre EURUSD
[2025-05-01 12:16:29,512] [INFO] Worker lanzado: five_flip sobre EURUSD
[2025-05-01 12:16:29,991] [INFO] Worker lanzado: reversao sobre EURUSD
[2025-05-01 12:16:30,726] [INFO] Worker lanzado: tres_vizinhos sobre EURUSD
[2025-05-01 12:16:31,468] [INFO] Worker lanzado: torres_gemeas sobre EURUSD
[2025-05-01 12:16:32,461] [INFO] Worker lanzado: tres_mosqueteiros sobre EURUSD
[2025-05-01 12:16:32,794] [INFO] Worker lanzado: mhi1_maioria sobre USDJPY-OTC
[2025-05-01 12:16:32,912] [INFO] Worker lanzado: mhi1_minoria sobre USDJPY-OTC
[2025-05-01 12:16:33,238] [INFO] Worker lanzado: mhi2_maioria sobre USDJPY-OTC
[2025-05-01 12:16:33,769] [INFO] Worker lanzado: mhi2_minoria sobre USDJPY-OTC
[2025-05-01 12:16:33,971] [INFO] Worker lanzado: mhi3_maioria sobre USDJPY-OTC
[2025-05-01 12:16:34,297] [INFO] Worker lanzado: mhi3_minoria sobre USDJPY-OTC
[2025-05-01 12:16:34,731] [INFO] Worker lanzado: milhao_maioria sobre USDJPY-OTC
[2025-05-01 12:16:34,929] [INFO] Worker lanzado: milhao_minoria sobre USDJPY-OTC
[2025-05-01 12:16:35,174] [INFO] Worker lanzado: padrao_impar sobre USDJPY-OTC
[2025-05-01 12:16:35,860] [INFO] Worker lanzado: melhor_de_3 sobre USDJPY-OTC
[2025-05-01 12:16:36,015] [INFO] Worker lanzado: padrao_23 sobre USDJPY-OTC
[2025-05-01 12:16:36,261] [INFO] Worker lanzado: turno_over sobre USDJPY-OTC
[2025-05-01 12:16:36,726] [INFO] Worker lanzado: seven_flip sobre USDJPY-OTC
[2025-05-01 12:16:37,242] [INFO] Worker lanzado: gaba sobre USDJPY-OTC
[2025-05-01 12:16:37,597] [INFO] Worker lanzado: five_flip sobre USDJPY-OTC
[2025-05-01 12:16:37,956] [INFO] Worker lanzado: reversao sobre USDJPY-OTC
[2025-05-01 12:16:38,111] [INFO] Worker lanzado: tres_vizinhos sobre USDJPY-OTC
[2025-05-01 12:16:38,343] [INFO] Worker lanzado: torres_gemeas sobre USDJPY-OTC
[2025-05-01 12:16:38,670] [INFO] Worker lanzado: tres_mosqueteiros sobre USDJPY-OTC
[2025-05-01 12:16:39,215] [INFO] Worker lanzado: mhi1_maioria sobre GBPUSD
[2025-05-01 12:16:39,652] [INFO] Worker lanzado: mhi1_minoria sobre GBPUSD
[2025-05-01 12:16:39,978] [INFO] Worker lanzado: mhi2_maioria sobre GBPUSD
[2025-05-01 12:16:40,273] [INFO] Worker lanzado: mhi2_minoria sobre GBPUSD
[2025-05-01 12:16:40,868] [INFO] Worker lanzado: mhi3_maioria sobre GBPUSD
[2025-05-01 12:16:40,985] [INFO] Worker lanzado: mhi3_minoria sobre GBPUSD
[2025-05-01 12:16:41,264] [INFO] Worker lanzado: milhao_maioria sobre GBPUSD
[2025-05-01 12:16:41,606] [INFO] Worker lanzado: milhao_minoria sobre GBPUSD
[2025-05-01 12:16:42,132] [INFO] Worker lanzado: padrao_impar sobre GBPUSD
[2025-05-01 12:16:42,429] [INFO] Worker lanzado: melhor_de_3 sobre GBPUSD
[2025-05-01 12:16:42,599] [INFO] Worker lanzado: padrao_23 sobre GBPUSD
[2025-05-01 12:16:42,676] [INFO] Worker lanzado: turno_over sobre GBPUSD
[2025-05-01 12:16:42,999] [INFO] Worker lanzado: seven_flip sobre GBPUSD
[2025-05-01 12:16:43,215] [INFO] Worker lanzado: gaba sobre GBPUSD
[2025-05-01 12:16:43,323] [INFO] Worker lanzado: five_flip sobre GBPUSD
[2025-05-01 12:16:43,699] [INFO] Worker lanzado: reversao sobre GBPUSD
[2025-05-01 12:16:43,840] [INFO] Worker lanzado: tres_vizinhos sobre GBPUSD
[2025-05-01 12:16:44,024] [INFO] Worker lanzado: torres_gemeas sobre GBPUSD
[2025-05-01 12:16:44,133] [INFO] Worker lanzado: tres_mosqueteiros sobre GBPUSD
[2025-05-01 12:25:31,242] [WARNING] No se encontraron pesos optimizados; usando lógica estándar.
[2025-05-01 12:25:35,685] [INFO] Worker lanzado: mhi1_maioria sobre EURUSD
[2025-05-01 12:25:36,696] [INFO] Worker lanzado: mhi1_minoria sobre EURUSD
[2025-05-01 12:25:36,929] [INFO] Worker lanzado: mhi2_maioria sobre EURUSD
[2025-05-01 12:25:37,322] [INFO] Worker lanzado: mhi2_minoria sobre EURUSD
[2025-05-01 12:25:37,863] [INFO] Worker lanzado: mhi3_maioria sobre EURUSD
[2025-05-01 12:25:38,572] [INFO] Worker lanzado: mhi3_minoria sobre EURUSD
[2025-05-01 12:25:39,372] [INFO] Worker lanzado: milhao_maioria sobre EURUSD
[2025-05-01 12:25:40,251] [INFO] Worker lanzado: milhao_minoria sobre EURUSD
[2025-05-01 12:25:41,074] [INFO] Worker lanzado: padrao_impar sobre EURUSD
[2025-05-01 12:25:42,392] [INFO] Worker lanzado: melhor_de_3 sobre EURUSD
[2025-05-01 12:25:43,740] [INFO] Worker lanzado: padrao_23 sobre EURUSD
[2025-05-01 12:25:44,882] [INFO] Worker lanzado: turno_over sobre EURUSD
[2025-05-01 12:25:46,465] [INFO] Worker lanzado: seven_flip sobre EURUSD
[2025-05-01 12:25:46,916] [INFO] Worker lanzado: gaba sobre EURUSD
[2025-05-01 12:25:48,010] [INFO] Worker lanzado: five_flip sobre EURUSD
[2025-05-01 12:25:49,341] [INFO] Worker lanzado: reversao sobre EURUSD
[2025-05-01 12:25:50,040] [INFO] Worker lanzado: tres_vizinhos sobre EURUSD
[2025-05-01 12:25:50,952] [INFO] Worker lanzado: torres_gemeas sobre EURUSD
[2025-05-01 12:25:51,774] [INFO] Worker lanzado: tres_mosqueteiros sobre EURUSD
[2025-05-01 12:25:51,882] [INFO] Worker lanzado: mhi1_maioria sobre USDJPY-OTC
[2025-05-01 12:25:52,126] [INFO] Worker lanzado: mhi1_minoria sobre USDJPY-OTC
[2025-05-01 12:25:52,543] [INFO] Worker lanzado: mhi2_maioria sobre USDJPY-OTC
[2025-05-01 12:25:52,823] [INFO] Worker lanzado: mhi2_minoria sobre USDJPY-OTC
[2025-05-01 12:25:53,006] [INFO] Worker lanzado: mhi3_maioria sobre USDJPY-OTC
[2025-05-01 12:25:53,287] [INFO] Worker lanzado: mhi3_minoria sobre USDJPY-OTC
[2025-05-01 12:25:53,538] [INFO] Worker lanzado: milhao_maioria sobre USDJPY-OTC
[2025-05-01 12:25:53,923] [INFO] Worker lanzado: milhao_minoria sobre USDJPY-OTC
[2025-05-01 12:25:54,157] [INFO] Worker lanzado: padrao_impar sobre USDJPY-OTC
[2025-05-01 12:25:54,730] [INFO] Worker lanzado: melhor_de_3 sobre USDJPY-OTC
[2025-05-01 12:25:54,868] [INFO] Worker lanzado: padrao_23 sobre USDJPY-OTC
[2025-05-01 12:25:54,977] [INFO] Worker lanzado: turno_over sobre USDJPY-OTC
[2025-05-01 12:25:55,460] [INFO] Worker lanzado: seven_flip sobre USDJPY-OTC
[2025-05-01 12:25:55,586] [INFO] Worker lanzado: gaba sobre USDJPY-OTC
[2025-05-01 12:25:56,143] [INFO] Worker lanzado: five_flip sobre USDJPY-OTC
[2025-05-01 12:25:56,527] [INFO] Worker lanzado: reversao sobre USDJPY-OTC
[2025-05-01 12:25:57,113] [INFO] Worker lanzado: tres_vizinhos sobre USDJPY-OTC
[2025-05-01 12:25:57,392] [INFO] Worker lanzado: torres_gemeas sobre USDJPY-OTC
[2025-05-01 12:25:57,704] [INFO] Worker lanzado: tres_mosqueteiros sobre USDJPY-OTC
[2025-05-01 12:25:58,030] [INFO] Worker lanzado: mhi1_maioria sobre GBPUSD
[2025-05-01 12:25:58,141] [INFO] Worker lanzado: mhi1_minoria sobre GBPUSD
[2025-05-01 12:25:58,312] [INFO] Worker lanzado: mhi2_maioria sobre GBPUSD
[2025-05-01 12:25:58,698] [INFO] Worker lanzado: mhi2_minoria sobre GBPUSD
[2025-05-01 12:25:58,915] [INFO] Worker lanzado: mhi3_maioria sobre GBPUSD
[2025-05-01 12:25:59,038] [INFO] Worker lanzado: mhi3_minoria sobre GBPUSD
[2025-05-01 12:25:59,350] [INFO] Worker lanzado: milhao_maioria sobre GBPUSD
[2025-05-01 12:25:59,676] [INFO] Worker lanzado: milhao_minoria sobre GBPUSD
[2025-05-01 12:25:59,909] [INFO] Worker lanzado: padrao_impar sobre GBPUSD
[2025-05-01 12:26:00,340] [INFO] Worker lanzado: melhor_de_3 sobre GBPUSD
[2025-05-01 12:26:00,847] [INFO] Worker lanzado: padrao_23 sobre GBPUSD
[2025-05-01 12:26:01,078] [INFO] Worker lanzado: turno_over sobre GBPUSD
[2025-05-01 12:26:01,314] [INFO] Worker lanzado: seven_flip sobre GBPUSD
[2025-05-01 12:26:01,499] [INFO] Worker lanzado: gaba sobre GBPUSD
[2025-05-01 12:26:01,731] [INFO] Worker lanzado: five_flip sobre GBPUSD
[2025-05-01 12:26:02,010] [INFO] Worker lanzado: reversao sobre GBPUSD
[2025-05-01 12:26:02,164] [INFO] Worker lanzado: tres_vizinhos sobre GBPUSD
[2025-05-01 12:26:02,295] [INFO] Worker lanzado: torres_gemeas sobre GBPUSD
[2025-05-01 12:26:02,419] [INFO] Worker lanzado: tres_mosqueteiros sobre GBPUSD
[2025-05-01 12:30:57,416] [WARNING] No se encontraron pesos optimizados; usando lógica estándar.
[2025-05-01 12:31:00,610] [INFO] Worker lanzado: mhi1_maioria sobre EURUSD
[2025-05-01 12:31:01,399] [INFO] Worker lanzado: mhi1_minoria sobre EURUSD
[2025-05-01 12:31:01,807] [INFO] Worker lanzado: mhi2_maioria sobre EURUSD
[2025-05-01 12:31:02,282] [INFO] Worker lanzado: mhi2_minoria sobre EURUSD
[2025-05-01 12:31:02,284] [INFO] Worker lanzado: mhi3_maioria sobre EURUSD
[2025-05-01 12:31:02,892] [INFO] Worker lanzado: mhi3_minoria sobre EURUSD
[2025-05-01 12:31:03,494] [INFO] Worker lanzado: milhao_maioria sobre EURUSD
[2025-05-01 12:31:04,374] [INFO] Worker lanzado: milhao_minoria sobre EURUSD
[2025-05-01 12:31:05,072] [INFO] Worker lanzado: padrao_impar sobre EURUSD
[2025-05-01 12:31:05,764] [INFO] Worker lanzado: melhor_de_3 sobre EURUSD
[2025-05-01 12:31:06,382] [INFO] Worker lanzado: padrao_23 sobre EURUSD
[2025-05-01 12:31:06,925] [INFO] Worker lanzado: turno_over sobre EURUSD
[2025-05-01 12:31:07,269] [INFO] Worker lanzado: seven_flip sobre EURUSD
[2025-05-01 12:31:07,654] [INFO] Worker lanzado: gaba sobre EURUSD
[2025-05-01 12:31:08,016] [INFO] Worker lanzado: five_flip sobre EURUSD
[2025-05-01 12:31:08,074] [INFO] Worker lanzado: reversao sobre EURUSD
[2025-05-01 12:31:08,871] [INFO] Worker lanzado: tres_vizinhos sobre EURUSD
[2025-05-01 12:31:09,395] [INFO] Worker lanzado: torres_gemeas sobre EURUSD
[2025-05-01 12:31:10,369] [INFO] Worker lanzado: tres_mosqueteiros sobre EURUSD
[2025-05-01 12:31:10,539] [INFO] Worker lanzado: mhi1_maioria sobre USDJPY-OTC
[2025-05-01 12:31:10,711] [INFO] Worker lanzado: mhi1_minoria sobre USDJPY-OTC
[2025-05-01 12:31:11,036] [INFO] Worker lanzado: mhi2_maioria sobre USDJPY-OTC
[2025-05-01 12:31:11,127] [INFO] Worker lanzado: mhi2_minoria sobre USDJPY-OTC
[2025-05-01 12:31:11,454] [INFO] Worker lanzado: mhi3_maioria sobre USDJPY-OTC
[2025-05-01 12:31:11,641] [INFO] Worker lanzado: mhi3_minoria sobre USDJPY-OTC
[2025-05-01 12:31:11,902] [INFO] Worker lanzado: milhao_maioria sobre USDJPY-OTC
[2025-05-01 12:31:12,147] [INFO] Worker lanzado: milhao_minoria sobre USDJPY-OTC
[2025-05-01 12:31:12,269] [INFO] Worker lanzado: padrao_impar sobre USDJPY-OTC
[2025-05-01 12:31:12,682] [INFO] Worker lanzado: melhor_de_3 sobre USDJPY-OTC
[2025-05-01 12:31:13,146] [INFO] Worker lanzado: padrao_23 sobre USDJPY-OTC
[2025-05-01 12:31:13,470] [INFO] Worker lanzado: turno_over sobre USDJPY-OTC
[2025-05-01 12:31:13,997] [INFO] Worker lanzado: seven_flip sobre USDJPY-OTC
[2025-05-01 12:31:14,293] [INFO] Worker lanzado: gaba sobre USDJPY-OTC
[2025-05-01 12:31:14,554] [INFO] Worker lanzado: five_flip sobre USDJPY-OTC
[2025-05-01 12:31:14,851] [INFO] Worker lanzado: reversao sobre USDJPY-OTC
[2025-05-01 12:31:15,175] [INFO] Worker lanzado: tres_vizinhos sobre USDJPY-OTC
[2025-05-01 12:31:15,528] [INFO] Worker lanzado: torres_gemeas sobre USDJPY-OTC
[2025-05-01 12:31:15,930] [INFO] Worker lanzado: tres_mosqueteiros sobre USDJPY-OTC
[2025-05-01 12:31:16,315] [INFO] Worker lanzado: mhi1_maioria sobre GBPUSD
[2025-05-01 12:31:16,779] [INFO] Worker lanzado: mhi1_minoria sobre GBPUSD
[2025-05-01 12:31:17,070] [INFO] Worker lanzado: mhi2_maioria sobre GBPUSD
[2025-05-01 12:31:17,591] [INFO] Worker lanzado: mhi2_minoria sobre GBPUSD
[2025-05-01 12:31:18,348] [INFO] Worker lanzado: mhi3_maioria sobre GBPUSD
[2025-05-01 12:31:18,904] [INFO] Worker lanzado: mhi3_minoria sobre GBPUSD
[2025-05-01 12:31:19,634] [INFO] Worker lanzado: milhao_maioria sobre GBPUSD
[2025-05-01 12:31:20,176] [INFO] Worker lanzado: milhao_minoria sobre GBPUSD
[2025-05-01 12:31:20,363] [INFO] Worker lanzado: padrao_impar sobre GBPUSD
[2025-05-01 12:31:20,837] [INFO] Worker lanzado: melhor_de_3 sobre GBPUSD
[2025-05-01 12:31:21,007] [INFO] Worker lanzado: padrao_23 sobre GBPUSD
[2025-05-01 12:31:21,183] [INFO] Worker lanzado: turno_over sobre GBPUSD
[2025-05-01 12:31:21,315] [INFO] Worker lanzado: seven_flip sobre GBPUSD
[2025-05-01 12:31:21,438] [INFO] Worker lanzado: gaba sobre GBPUSD
[2025-05-01 12:31:21,998] [INFO] Worker lanzado: five_flip sobre GBPUSD
[2025-05-01 12:31:22,152] [INFO] Worker lanzado: reversao sobre GBPUSD
[2025-05-01 12:31:22,385] [INFO] Worker lanzado: tres_vizinhos sobre GBPUSD
[2025-05-01 12:31:22,571] [INFO] Worker lanzado: torres_gemeas sobre GBPUSD
[2025-05-01 12:31:23,062] [INFO] Worker lanzado: tres_mosqueteiros sobre GBPUSD
[2025-05-01 13:16:26,689] [WARNING] No se encontraron pesos optimizados; usando lógica estándar.
[2025-05-01 13:16:34,264] [INFO] Worker lanzado: mhi1_maioria sobre EURUSD
[2025-05-01 13:16:34,906] [INFO] Worker lanzado: mhi1_minoria sobre EURUSD
[2025-05-01 13:16:35,511] [INFO] Worker lanzado: mhi2_maioria sobre EURUSD
[2025-05-01 13:16:36,125] [INFO] Worker lanzado: mhi2_minoria sobre EURUSD
[2025-05-01 13:16:36,572] [INFO] Worker lanzado: mhi3_maioria sobre EURUSD
[2025-05-01 13:16:36,849] [INFO] Worker lanzado: mhi3_minoria sobre EURUSD
[2025-05-01 13:16:38,092] [INFO] Worker lanzado: milhao_maioria sobre EURUSD
[2025-05-01 13:16:39,194] [INFO] Worker lanzado: milhao_minoria sobre EURUSD
[2025-05-01 13:16:40,248] [INFO] Worker lanzado: padrao_impar sobre EURUSD
[2025-05-01 13:16:41,204] [INFO] Worker lanzado: melhor_de_3 sobre EURUSD
[2025-05-01 13:16:42,304] [INFO] Worker lanzado: padrao_23 sobre EURUSD
[2025-05-01 13:16:43,125] [INFO] Worker lanzado: turno_over sobre EURUSD
[2025-05-01 13:16:44,258] [INFO] Worker lanzado: seven_flip sobre EURUSD
[2025-05-01 13:16:44,626] [INFO] Worker lanzado: gaba sobre EURUSD
[2025-05-01 13:16:45,316] [INFO] Worker lanzado: five_flip sobre EURUSD
[2025-05-01 13:16:45,917] [INFO] Worker lanzado: reversao sobre EURUSD
[2025-05-01 13:16:46,719] [INFO] Worker lanzado: tres_vizinhos sobre EURUSD
[2025-05-01 13:16:47,766] [INFO] Worker lanzado: torres_gemeas sobre EURUSD
[2025-05-01 13:16:48,528] [INFO] Worker lanzado: tres_mosqueteiros sobre EURUSD
[2025-05-01 13:16:48,669] [INFO] Worker lanzado: mhi1_maioria sobre USDJPY-OTC
[2025-05-01 13:16:48,785] [INFO] Worker lanzado: mhi1_minoria sobre USDJPY-OTC
[2025-05-01 13:16:48,993] [INFO] Worker lanzado: mhi2_maioria sobre USDJPY-OTC
[2025-05-01 13:16:49,170] [INFO] Worker lanzado: mhi2_minoria sobre USDJPY-OTC
[2025-05-01 13:16:49,178] [INFO] Worker lanzado: mhi3_maioria sobre USDJPY-OTC
[2025-05-01 13:16:49,180] [INFO] Worker lanzado: mhi3_minoria sobre USDJPY-OTC
[2025-05-01 13:16:49,208] [INFO] Worker lanzado: milhao_maioria sobre USDJPY-OTC
[2025-05-01 13:16:49,259] [INFO] Worker lanzado: milhao_minoria sobre USDJPY-OTC
[2025-05-01 13:16:49,271] [INFO] Worker lanzado: padrao_impar sobre USDJPY-OTC
[2025-05-01 13:16:49,394] [INFO] Worker lanzado: melhor_de_3 sobre USDJPY-OTC
[2025-05-01 13:16:49,686] [INFO] Worker lanzado: padrao_23 sobre USDJPY-OTC
[2025-05-01 13:16:49,857] [INFO] Worker lanzado: turno_over sobre USDJPY-OTC
[2025-05-01 13:16:50,056] [INFO] Worker lanzado: seven_flip sobre USDJPY-OTC
[2025-05-01 13:16:50,271] [INFO] Worker lanzado: gaba sobre USDJPY-OTC
[2025-05-01 13:16:50,489] [INFO] Worker lanzado: five_flip sobre USDJPY-OTC
[2025-05-01 13:16:50,692] [INFO] Worker lanzado: reversao sobre USDJPY-OTC
[2025-05-01 13:16:50,878] [INFO] Worker lanzado: tres_vizinhos sobre USDJPY-OTC
[2025-05-01 13:16:51,190] [INFO] Worker lanzado: torres_gemeas sobre USDJPY-OTC
[2025-05-01 13:16:51,360] [INFO] Worker lanzado: tres_mosqueteiros sobre USDJPY-OTC
[2025-05-01 13:16:51,638] [INFO] Worker lanzado: mhi1_maioria sobre GBPUSD
[2025-05-01 13:16:51,886] [INFO] Worker lanzado: mhi1_minoria sobre GBPUSD
[2025-05-01 13:16:52,244] [INFO] Worker lanzado: mhi2_maioria sobre GBPUSD
[2025-05-01 13:16:52,555] [INFO] Worker lanzado: mhi2_minoria sobre GBPUSD
[2025-05-01 13:16:52,770] [INFO] Worker lanzado: mhi3_maioria sobre GBPUSD
[2025-05-01 13:16:52,911] [INFO] Worker lanzado: mhi3_minoria sobre GBPUSD
[2025-05-01 13:16:53,454] [INFO] Worker lanzado: milhao_maioria sobre GBPUSD
[2025-05-01 13:16:53,579] [INFO] Worker lanzado: milhao_minoria sobre GBPUSD
[2025-05-01 13:16:53,906] [INFO] Worker lanzado: padrao_impar sobre GBPUSD
[2025-05-01 13:16:54,275] [INFO] Worker lanzado: melhor_de_3 sobre GBPUSD
[2025-05-01 13:16:54,637] [INFO] Worker lanzado: padrao_23 sobre GBPUSD
[2025-05-01 13:16:54,778] [INFO] Worker lanzado: turno_over sobre GBPUSD
[2025-05-01 13:16:55,198] [INFO] Worker lanzado: seven_flip sobre GBPUSD
[2025-05-01 13:16:55,446] [INFO] Worker lanzado: gaba sobre GBPUSD
[2025-05-01 13:16:55,661] [INFO] Worker lanzado: five_flip sobre GBPUSD
[2025-05-01 13:16:55,925] [INFO] Worker lanzado: reversao sobre GBPUSD
[2025-05-01 13:16:56,097] [INFO] Worker lanzado: tres_vizinhos sobre GBPUSD
[2025-05-01 13:16:56,282] [INFO] Worker lanzado: torres_gemeas sobre GBPUSD
[2025-05-01 13:16:56,560] [INFO] Worker lanzado: tres_mosqueteiros sobre GBPUSD
[2025-05-01 13:43:38,528] [WARNING] No se encontraron pesos optimizados; usando lógica estándar.
[2025-05-01 13:43:49,101] [INFO] Worker lanzado: mhi1_maioria sobre EURUSD
[2025-05-01 13:43:49,918] [INFO] Worker lanzado: mhi1_minoria sobre EURUSD
[2025-05-01 13:43:50,961] [INFO] Worker lanzado: mhi2_maioria sobre EURUSD
[2025-05-01 13:43:51,792] [INFO] Worker lanzado: mhi2_minoria sobre EURUSD
[2025-05-01 13:43:52,053] [INFO] Worker lanzado: mhi3_maioria sobre EURUSD
[2025-05-01 13:43:53,979] [INFO] Worker lanzado: mhi3_minoria sobre EURUSD
[2025-05-01 13:43:54,815] [INFO] Worker lanzado: milhao_maioria sobre EURUSD
[2025-05-01 13:43:56,758] [INFO] Worker lanzado: milhao_minoria sobre EURUSD
[2025-05-01 13:43:58,109] [INFO] Worker lanzado: padrao_impar sobre EURUSD
[2025-05-01 13:43:59,815] [INFO] Worker lanzado: melhor_de_3 sobre EURUSD
[2025-05-01 13:44:00,742] [INFO] Worker lanzado: padrao_23 sobre EURUSD
[2025-05-01 13:44:02,508] [INFO] Worker lanzado: turno_over sobre EURUSD
[2025-05-01 13:44:04,550] [INFO] Worker lanzado: seven_flip sobre EURUSD
[2025-05-01 13:44:05,812] [INFO] Worker lanzado: gaba sobre EURUSD
[2025-05-01 13:44:06,466] [INFO] Worker lanzado: five_flip sobre EURUSD
[2025-05-01 13:44:06,964] [INFO] Worker lanzado: reversao sobre EURUSD
[2025-05-01 13:44:09,705] [INFO] Worker lanzado: tres_vizinhos sobre EURUSD
[2025-05-01 13:44:10,736] [INFO] Worker lanzado: torres_gemeas sobre EURUSD
[2025-05-01 13:44:13,520] [INFO] Worker lanzado: tres_mosqueteiros sobre EURUSD
[2025-05-01 13:44:14,192] [INFO] Worker lanzado: mhi1_maioria sobre USDJPY-OTC
[2025-05-01 13:44:14,429] [INFO] Worker lanzado: mhi1_minoria sobre USDJPY-OTC
[2025-05-01 13:44:14,630] [INFO] Worker lanzado: mhi2_maioria sobre USDJPY-OTC
[2025-05-01 13:44:14,911] [INFO] Worker lanzado: mhi2_minoria sobre USDJPY-OTC
[2025-05-01 13:44:15,409] [INFO] Worker lanzado: mhi3_maioria sobre USDJPY-OTC
[2025-05-01 13:44:16,356] [INFO] Worker lanzado: mhi3_minoria sobre USDJPY-OTC
[2025-05-01 13:44:16,914] [INFO] Worker lanzado: milhao_maioria sobre USDJPY-OTC
[2025-05-01 13:44:18,187] [INFO] Worker lanzado: milhao_minoria sobre USDJPY-OTC
[2025-05-01 13:44:19,322] [INFO] Worker lanzado: padrao_impar sobre USDJPY-OTC
[2025-05-01 13:44:19,462] [INFO] Worker lanzado: melhor_de_3 sobre USDJPY-OTC
[2025-05-01 13:44:20,458] [INFO] Worker lanzado: padrao_23 sobre USDJPY-OTC
[2025-05-01 13:44:21,018] [INFO] Worker lanzado: turno_over sobre USDJPY-OTC
[2025-05-01 13:44:21,548] [INFO] Worker lanzado: seven_flip sobre USDJPY-OTC
[2025-05-01 13:44:21,815] [INFO] Worker lanzado: gaba sobre USDJPY-OTC
[2025-05-01 13:44:22,548] [INFO] Worker lanzado: five_flip sobre USDJPY-OTC
[2025-05-01 13:44:22,827] [INFO] Worker lanzado: reversao sobre USDJPY-OTC
[2025-05-01 13:44:23,197] [INFO] Worker lanzado: tres_vizinhos sobre USDJPY-OTC
[2025-05-01 13:44:23,694] [INFO] Worker lanzado: torres_gemeas sobre USDJPY-OTC
[2025-05-01 13:44:24,241] [INFO] Worker lanzado: tres_mosqueteiros sobre USDJPY-OTC
[2025-05-01 13:44:24,569] [INFO] Worker lanzado: mhi1_maioria sobre GBPUSD
[2025-05-01 13:44:25,066] [INFO] Worker lanzado: mhi1_minoria sobre GBPUSD
[2025-05-01 13:44:25,346] [INFO] Worker lanzado: mhi2_maioria sobre GBPUSD
[2025-05-01 13:44:25,685] [INFO] Worker lanzado: mhi2_minoria sobre GBPUSD
[2025-05-01 13:44:25,941] [INFO] Worker lanzado: mhi3_maioria sobre GBPUSD
[2025-05-01 13:44:26,179] [INFO] Worker lanzado: mhi3_minoria sobre GBPUSD
[2025-05-01 13:44:26,490] [INFO] Worker lanzado: milhao_maioria sobre GBPUSD
[2025-05-01 13:44:26,785] [INFO] Worker lanzado: milhao_minoria sobre GBPUSD
[2025-05-01 13:44:26,969] [INFO] Worker lanzado: padrao_impar sobre GBPUSD
[2025-05-01 13:44:27,260] [INFO] Worker lanzado: melhor_de_3 sobre GBPUSD
[2025-05-01 13:44:27,935] [INFO] Worker lanzado: padrao_23 sobre GBPUSD
[2025-05-01 13:44:28,476] [INFO] Worker lanzado: turno_over sobre GBPUSD
[2025-05-01 13:44:28,750] [INFO] Worker lanzado: seven_flip sobre GBPUSD
[2025-05-01 13:44:29,026] [INFO] Worker lanzado: gaba sobre GBPUSD
[2025-05-01 13:44:29,476] [INFO] Worker lanzado: five_flip sobre GBPUSD
[2025-05-01 13:44:30,161] [INFO] Worker lanzado: reversao sobre GBPUSD
[2025-05-01 13:44:30,500] [INFO] Worker lanzado: tres_vizinhos sobre GBPUSD
[2025-05-01 13:44:30,925] [INFO] Worker lanzado: torres_gemeas sobre GBPUSD
[2025-05-01 13:44:31,074] [INFO] Worker lanzado: tres_mosqueteiros sobre GBPUSD
