[2025-04-19 14:09:01,286] [INFO] Worker lanzado: mhi1_maioria sobre EURUSD
[2025-04-19 14:09:01,585] [INFO] Worker lanzado: mhi1_minoria sobre EURUSD
[2025-04-19 14:09:01,915] [INFO] Worker lanzado: mhi2_maioria sobre EURUSD
[2025-04-19 14:09:02,151] [INFO] Worker lanzado: mhi2_minoria sobre EURUSD
[2025-04-19 14:09:02,968] [INFO] Worker lanzado: mhi3_maioria sobre EURUSD
[2025-04-19 14:09:03,939] [INFO] Worker lanzado: mhi3_minoria sobre EURUSD
[2025-04-19 14:09:04,570] [INFO] Worker lanzado: milhao_maioria sobre EURUSD
[2025-04-19 14:09:05,475] [INFO] Worker lanzado: milhao_minoria sobre EURUSD
[2025-04-19 14:09:06,224] [INFO] Worker lanzado: padrao_impar sobre EURUSD
[2025-04-19 14:09:06,693] [INFO] Worker lanzado: melhor_de_3 sobre EURUSD
[2025-04-19 14:09:07,141] [INFO] Worker lanzado: padrao_23 sobre EURUSD
[2025-04-19 14:09:08,606] [INFO] Worker lanzado: turno_over sobre EURUSD
[2025-04-19 14:09:09,939] [INFO] Worker lanzado: seven_flip sobre EURUSD
[2025-04-19 14:09:11,431] [INFO] Worker lanzado: gaba sobre EURUSD
[2025-04-19 14:09:14,287] [INFO] Worker lanzado: five_flip sobre EURUSD
[2025-04-19 14:09:15,832] [INFO] Worker lanzado: reversao sobre EURUSD
[2025-04-19 14:09:16,887] [INFO] Worker lanzado: tres_vizinhos sobre EURUSD
[2025-04-19 14:09:18,382] [INFO] Worker lanzado: torres_gemeas sobre EURUSD
[2025-04-19 14:09:19,513] [INFO] Worker lanzado: tres_mosqueteiros sobre EURUSD
[2025-04-19 14:09:19,931] [INFO] Worker lanzado: mhi1_maioria sobre USDJPY-OTC
[2025-04-19 14:09:20,334] [INFO] Worker lanzado: mhi1_minoria sobre USDJPY-OTC
[2025-04-19 14:09:20,561] [INFO] Worker lanzado: mhi2_maioria sobre USDJPY-OTC
[2025-04-19 14:09:21,081] [INFO] Worker lanzado: mhi2_minoria sobre USDJPY-OTC
[2025-04-19 14:09:21,281] [INFO] Worker lanzado: mhi3_maioria sobre USDJPY-OTC
[2025-04-19 14:09:21,572] [INFO] Worker lanzado: mhi3_minoria sobre USDJPY-OTC
[2025-04-19 14:09:22,310] [INFO] Worker lanzado: milhao_maioria sobre USDJPY-OTC
[2025-04-19 14:09:22,956] [INFO] Worker lanzado: milhao_minoria sobre USDJPY-OTC
[2025-04-19 14:09:24,259] [INFO] Worker lanzado: padrao_impar sobre USDJPY-OTC
[2025-04-19 14:09:25,082] [INFO] Worker lanzado: melhor_de_3 sobre USDJPY-OTC
[2025-04-19 14:09:25,313] [INFO] Worker lanzado: padrao_23 sobre USDJPY-OTC
[2025-04-19 14:09:25,565] [INFO] Worker lanzado: turno_over sobre USDJPY-OTC
[2025-04-19 14:09:26,156] [INFO] Worker lanzado: seven_flip sobre USDJPY-OTC
[2025-04-19 14:09:26,355] [INFO] Worker lanzado: gaba sobre USDJPY-OTC
[2025-04-19 14:09:26,668] [INFO] Worker lanzado: five_flip sobre USDJPY-OTC
[2025-04-19 14:09:27,294] [INFO] Worker lanzado: reversao sobre USDJPY-OTC
[2025-04-19 14:09:27,841] [INFO] Worker lanzado: tres_vizinhos sobre USDJPY-OTC
[2025-04-19 14:09:28,244] [INFO] Worker lanzado: torres_gemeas sobre USDJPY-OTC
[2025-04-19 14:09:28,741] [INFO] Worker lanzado: tres_mosqueteiros sobre USDJPY-OTC
[2025-04-19 14:09:29,068] [INFO] Worker lanzado: mhi1_maioria sobre GBPUSD
[2025-04-19 14:09:30,205] [INFO] Worker lanzado: mhi1_minoria sobre GBPUSD
[2025-04-19 14:09:30,454] [INFO] Worker lanzado: mhi2_maioria sobre GBPUSD
[2025-04-19 14:09:31,029] [INFO] Worker lanzado: mhi2_minoria sobre GBPUSD
[2025-04-19 14:09:31,309] [INFO] Worker lanzado: mhi3_maioria sobre GBPUSD
[2025-04-19 14:09:32,404] [INFO] Worker lanzado: mhi3_minoria sobre GBPUSD
[2025-04-19 14:09:34,185] [INFO] Worker lanzado: milhao_maioria sobre GBPUSD
[2025-04-19 14:09:35,526] [INFO] Worker lanzado: milhao_minoria sobre GBPUSD
[2025-04-19 14:09:36,310] [INFO] Worker lanzado: padrao_impar sobre GBPUSD
[2025-04-19 14:09:38,026] [INFO] Worker lanzado: melhor_de_3 sobre GBPUSD
[2025-04-19 14:09:38,512] [INFO] Worker lanzado: padrao_23 sobre GBPUSD
[2025-04-19 14:09:38,920] [INFO] Worker lanzado: turno_over sobre GBPUSD
[2025-04-19 14:14:44,209] [INFO] Worker lanzado: mhi1_maioria sobre EURUSD
[2025-04-19 14:14:44,368] [INFO] Worker lanzado: mhi1_minoria sobre EURUSD
[2025-04-19 14:14:44,480] [INFO] Worker lanzado: mhi2_maioria sobre EURUSD
[2025-04-19 14:14:44,873] [INFO] Worker lanzado: mhi2_minoria sobre EURUSD
[2025-04-19 14:14:45,547] [INFO] Worker lanzado: mhi3_maioria sobre EURUSD
[2025-04-19 14:14:46,129] [INFO] Worker lanzado: mhi3_minoria sobre EURUSD
[2025-04-19 14:14:46,834] [INFO] Worker lanzado: milhao_maioria sobre EURUSD
[2025-04-19 14:14:47,088] [INFO] Worker lanzado: milhao_minoria sobre EURUSD
[2025-04-19 14:14:47,473] [INFO] Worker lanzado: padrao_impar sobre EURUSD
[2025-04-19 14:14:47,849] [INFO] Worker lanzado: melhor_de_3 sobre EURUSD
[2025-04-19 14:14:48,270] [INFO] Worker lanzado: padrao_23 sobre EURUSD
[2025-04-19 14:14:49,393] [INFO] Worker lanzado: turno_over sobre EURUSD
[2025-04-19 14:14:50,069] [INFO] Worker lanzado: seven_flip sobre EURUSD
[2025-04-19 14:14:50,854] [INFO] Worker lanzado: gaba sobre EURUSD
[2025-04-19 14:14:52,009] [INFO] Worker lanzado: five_flip sobre EURUSD
[2025-04-19 14:14:53,180] [INFO] Worker lanzado: reversao sobre EURUSD
[2025-04-19 14:14:53,617] [INFO] Worker lanzado: tres_vizinhos sobre EURUSD
[2025-04-19 14:14:54,640] [INFO] Worker lanzado: torres_gemeas sobre EURUSD
[2025-04-19 14:14:55,982] [INFO] Worker lanzado: tres_mosqueteiros sobre EURUSD
[2025-04-19 14:14:56,338] [INFO] Worker lanzado: mhi1_maioria sobre USDJPY-OTC
[2025-04-19 14:14:56,571] [INFO] Worker lanzado: mhi1_minoria sobre USDJPY-OTC
[2025-04-19 14:14:56,663] [INFO] Worker lanzado: mhi2_maioria sobre USDJPY-OTC
[2025-04-19 14:14:57,254] [INFO] Worker lanzado: mhi2_minoria sobre USDJPY-OTC
[2025-04-19 14:14:57,609] [INFO] Worker lanzado: mhi3_maioria sobre USDJPY-OTC
[2025-04-19 14:14:57,761] [INFO] Worker lanzado: mhi3_minoria sobre USDJPY-OTC
[2025-04-19 14:14:58,081] [INFO] Worker lanzado: milhao_maioria sobre USDJPY-OTC
[2025-04-19 14:14:58,338] [INFO] Worker lanzado: milhao_minoria sobre USDJPY-OTC
[2025-04-19 14:14:58,993] [INFO] Worker lanzado: padrao_impar sobre USDJPY-OTC
[2025-04-19 14:14:59,276] [INFO] Worker lanzado: melhor_de_3 sobre USDJPY-OTC
[2025-04-19 14:14:59,618] [INFO] Worker lanzado: padrao_23 sobre USDJPY-OTC
[2025-04-19 14:15:00,238] [INFO] Worker lanzado: turno_over sobre USDJPY-OTC
[2025-04-19 14:15:00,645] [INFO] Worker lanzado: seven_flip sobre USDJPY-OTC
[2025-04-19 14:15:01,114] [INFO] Worker lanzado: gaba sobre USDJPY-OTC
[2025-04-19 14:15:01,769] [INFO] Worker lanzado: five_flip sobre USDJPY-OTC
[2025-04-19 14:15:02,064] [INFO] Worker lanzado: reversao sobre USDJPY-OTC
[2025-04-19 14:15:02,189] [INFO] Worker lanzado: tres_vizinhos sobre USDJPY-OTC
[2025-04-19 14:15:03,078] [INFO] Worker lanzado: torres_gemeas sobre USDJPY-OTC
[2025-04-19 14:15:03,855] [INFO] Worker lanzado: tres_mosqueteiros sobre USDJPY-OTC
[2025-04-19 14:15:04,089] [INFO] Worker lanzado: mhi1_maioria sobre GBPUSD
[2025-04-19 14:15:04,356] [INFO] Worker lanzado: mhi1_minoria sobre GBPUSD
[2025-04-19 14:15:04,480] [INFO] Worker lanzado: mhi2_maioria sobre GBPUSD
[2025-04-19 14:15:05,156] [INFO] Worker lanzado: mhi2_minoria sobre GBPUSD
[2025-04-19 14:15:06,228] [INFO] Worker lanzado: mhi3_maioria sobre GBPUSD
[2025-04-19 14:15:06,291] [INFO] Worker lanzado: mhi3_minoria sobre GBPUSD
[2025-04-19 14:15:07,419] [INFO] Worker lanzado: milhao_maioria sobre GBPUSD
[2025-04-19 14:15:07,589] [INFO] Worker lanzado: milhao_minoria sobre GBPUSD
[2025-04-19 14:15:07,995] [INFO] Worker lanzado: padrao_impar sobre GBPUSD
[2025-04-19 14:15:08,673] [INFO] Worker lanzado: melhor_de_3 sobre GBPUSD
[2025-04-19 14:15:09,620] [INFO] Worker lanzado: padrao_23 sobre GBPUSD
[2025-04-19 14:15:09,762] [INFO] Worker lanzado: turno_over sobre GBPUSD
[2025-04-19 14:15:10,101] [INFO] Worker lanzado: seven_flip sobre GBPUSD
[2025-04-19 14:15:10,984] [INFO] Worker lanzado: gaba sobre GBPUSD
[2025-04-19 14:15:11,325] [INFO] Worker lanzado: five_flip sobre GBPUSD
[2025-04-19 14:15:11,479] [INFO] Worker lanzado: reversao sobre GBPUSD
[2025-04-19 14:15:11,571] [INFO] Worker lanzado: tres_vizinhos sobre GBPUSD
[2025-04-19 14:15:11,785] [INFO] Worker lanzado: torres_gemeas sobre GBPUSD
[2025-04-19 14:15:17,510] [INFO] Worker lanzado: tres_mosqueteiros sobre GBPUSD
[2025-04-19 14:15:17,743] [INFO] Núcleo en ejecución continua.
[2025-04-19 14:19:27,141] [INFO] Worker lanzado: mhi1_maioria sobre EURUSD
[2025-04-19 14:19:27,266] [INFO] Worker lanzado: mhi1_minoria sobre EURUSD
[2025-04-19 14:19:27,521] [INFO] Worker lanzado: mhi2_maioria sobre EURUSD
[2025-04-19 14:19:27,710] [INFO] Worker lanzado: mhi2_minoria sobre EURUSD
[2025-04-19 14:19:28,039] [INFO] Worker lanzado: mhi3_maioria sobre EURUSD
[2025-04-19 14:19:28,461] [INFO] Worker lanzado: mhi3_minoria sobre EURUSD
[2025-04-19 14:19:29,007] [INFO] Worker lanzado: milhao_maioria sobre EURUSD
[2025-04-19 14:19:29,473] [INFO] Worker lanzado: milhao_minoria sobre EURUSD
[2025-04-19 14:19:29,738] [INFO] Worker lanzado: padrao_impar sobre EURUSD
[2025-04-19 14:19:30,348] [INFO] Worker lanzado: melhor_de_3 sobre EURUSD
[2025-04-19 14:19:31,250] [INFO] Worker lanzado: padrao_23 sobre EURUSD
[2025-04-19 14:19:31,826] [INFO] Worker lanzado: turno_over sobre EURUSD
[2025-04-19 14:19:32,400] [INFO] Worker lanzado: seven_flip sobre EURUSD
[2025-04-19 14:19:32,975] [INFO] Worker lanzado: gaba sobre EURUSD
[2025-04-19 14:19:33,523] [INFO] Worker lanzado: five_flip sobre EURUSD
[2025-04-19 14:19:34,057] [INFO] Worker lanzado: reversao sobre EURUSD
[2025-04-19 14:19:35,273] [INFO] Worker lanzado: tres_vizinhos sobre EURUSD
[2025-04-19 14:19:35,891] [INFO] Worker lanzado: torres_gemeas sobre EURUSD
[2025-04-19 14:19:36,248] [INFO] Worker lanzado: tres_mosqueteiros sobre EURUSD
[2025-04-19 14:19:36,542] [INFO] Worker lanzado: mhi1_maioria sobre USDJPY-OTC
[2025-04-19 14:19:36,790] [INFO] Worker lanzado: mhi1_minoria sobre USDJPY-OTC
[2025-04-19 14:19:37,134] [INFO] Worker lanzado: mhi2_maioria sobre USDJPY-OTC
[2025-04-19 14:19:37,304] [INFO] Worker lanzado: mhi2_minoria sobre USDJPY-OTC
[2025-04-19 14:19:37,475] [INFO] Worker lanzado: mhi3_maioria sobre USDJPY-OTC
[2025-04-19 14:19:37,739] [INFO] Worker lanzado: mhi3_minoria sobre USDJPY-OTC
[2025-04-19 14:19:38,986] [INFO] Worker lanzado: milhao_maioria sobre USDJPY-OTC
[2025-04-19 14:19:39,169] [INFO] Worker lanzado: milhao_minoria sobre USDJPY-OTC
[2025-04-19 14:19:39,438] [INFO] Worker lanzado: padrao_impar sobre USDJPY-OTC
[2025-04-19 14:19:39,672] [INFO] Worker lanzado: melhor_de_3 sobre USDJPY-OTC
[2025-04-19 14:19:39,764] [INFO] Worker lanzado: padrao_23 sobre USDJPY-OTC
[2025-04-19 14:19:39,892] [INFO] Worker lanzado: turno_over sobre USDJPY-OTC
[2025-04-19 14:19:40,261] [INFO] Worker lanzado: seven_flip sobre USDJPY-OTC
[2025-04-19 14:19:40,918] [INFO] Worker lanzado: gaba sobre USDJPY-OTC
[2025-04-19 14:19:41,472] [INFO] Worker lanzado: five_flip sobre USDJPY-OTC
[2025-04-19 14:19:42,214] [INFO] Worker lanzado: reversao sobre USDJPY-OTC
[2025-04-19 14:19:42,805] [INFO] Worker lanzado: tres_vizinhos sobre USDJPY-OTC
[2025-04-19 14:19:43,286] [INFO] Worker lanzado: torres_gemeas sobre USDJPY-OTC
[2025-04-19 14:19:44,283] [INFO] Worker lanzado: tres_mosqueteiros sobre USDJPY-OTC
[2025-04-19 14:19:47,939] [INFO] Worker lanzado: mhi1_maioria sobre GBPUSD
[2025-04-19 14:19:48,141] [INFO] Worker lanzado: mhi1_minoria sobre GBPUSD
[2025-04-19 14:19:49,097] [INFO] Worker lanzado: mhi2_maioria sobre GBPUSD
[2025-04-19 14:19:49,461] [INFO] Worker lanzado: mhi2_minoria sobre GBPUSD
[2025-04-19 14:19:49,768] [INFO] Worker lanzado: mhi3_maioria sobre GBPUSD
[2025-04-19 14:19:49,985] [INFO] Worker lanzado: mhi3_minoria sobre GBPUSD
[2025-04-19 14:19:50,460] [INFO] Worker lanzado: milhao_maioria sobre GBPUSD
[2025-04-19 14:19:51,387] [INFO] Worker lanzado: milhao_minoria sobre GBPUSD
[2025-04-19 14:19:52,979] [INFO] Worker lanzado: padrao_impar sobre GBPUSD
[2025-04-19 14:19:53,363] [INFO] Worker lanzado: melhor_de_3 sobre GBPUSD
[2025-04-19 14:19:54,004] [INFO] Worker lanzado: padrao_23 sobre GBPUSD
[2025-04-19 14:19:54,109] [INFO] Worker lanzado: turno_over sobre GBPUSD
[2025-04-19 14:19:54,590] [INFO] Worker lanzado: seven_flip sobre GBPUSD
[2025-04-19 14:19:54,869] [INFO] Worker lanzado: gaba sobre GBPUSD
[2025-04-19 14:19:55,085] [INFO] Worker lanzado: five_flip sobre GBPUSD
[2025-04-19 14:19:55,785] [INFO] Worker lanzado: reversao sobre GBPUSD
[2025-04-19 14:19:56,344] [INFO] Worker lanzado: tres_vizinhos sobre GBPUSD
[2025-04-19 14:19:57,095] [INFO] Worker lanzado: torres_gemeas sobre GBPUSD
[2025-04-19 14:19:57,578] [INFO] Worker lanzado: tres_mosqueteiros sobre GBPUSD
[2025-04-19 14:19:58,093] [INFO] Núcleo en ejecución continua.
[2025-04-19 17:24:49,546] [INFO] Worker lanzado: mhi1_maioria sobre EURUSD
[2025-04-19 17:25:02,365] [INFO] Worker lanzado: mhi1_minoria sobre EURUSD
[2025-04-19 17:25:03,026] [INFO] Worker lanzado: mhi2_maioria sobre EURUSD
[2025-04-19 17:25:04,153] [INFO] Worker lanzado: mhi2_minoria sobre EURUSD
[2025-04-19 17:25:05,265] [INFO] Worker lanzado: mhi3_maioria sobre EURUSD
[2025-04-19 17:25:06,896] [INFO] Worker lanzado: mhi3_minoria sobre EURUSD
[2025-04-19 17:25:08,566] [INFO] Worker lanzado: milhao_maioria sobre EURUSD
[2025-04-19 17:25:10,410] [INFO] Worker lanzado: milhao_minoria sobre EURUSD
[2025-04-19 17:25:11,490] [INFO] Worker lanzado: padrao_impar sobre EURUSD
[2025-04-19 17:25:14,037] [INFO] Worker lanzado: melhor_de_3 sobre EURUSD
[2025-04-19 17:25:16,999] [INFO] Worker lanzado: padrao_23 sobre EURUSD
[2025-04-19 17:25:18,720] [INFO] Worker lanzado: turno_over sobre EURUSD
[2025-04-19 17:25:20,185] [INFO] Worker lanzado: seven_flip sobre EURUSD
[2025-04-19 17:25:22,954] [INFO] Worker lanzado: gaba sobre EURUSD
[2025-04-19 17:25:24,231] [INFO] Worker lanzado: five_flip sobre EURUSD
[2025-04-19 17:25:26,583] [INFO] Worker lanzado: reversao sobre EURUSD
[2025-04-19 17:25:30,669] [INFO] Worker lanzado: tres_vizinhos sobre EURUSD
[2025-04-19 21:47:22,905] [INFO] Worker lanzado: mhi1_maioria sobre EURUSD
[2025-04-19 21:47:23,543] [INFO] Worker lanzado: mhi1_minoria sobre EURUSD
[2025-04-19 21:47:23,950] [INFO] Worker lanzado: mhi2_maioria sobre EURUSD
[2025-04-19 21:47:24,645] [INFO] Worker lanzado: mhi2_minoria sobre EURUSD
[2025-04-19 21:47:26,301] [INFO] Worker lanzado: mhi3_maioria sobre EURUSD
[2025-04-19 21:47:27,581] [INFO] Worker lanzado: mhi3_minoria sobre EURUSD
[2025-04-19 21:47:29,342] [INFO] Worker lanzado: milhao_maioria sobre EURUSD
[2025-04-19 21:47:31,829] [INFO] Worker lanzado: milhao_minoria sobre EURUSD
[2025-04-19 21:47:35,001] [INFO] Worker lanzado: padrao_impar sobre EURUSD
[2025-04-19 21:47:38,565] [INFO] Worker lanzado: melhor_de_3 sobre EURUSD
[2025-04-19 21:47:42,081] [INFO] Worker lanzado: padrao_23 sobre EURUSD
[2025-04-19 21:47:48,021] [INFO] Worker lanzado: turno_over sobre EURUSD
[2025-04-19 21:47:50,620] [INFO] Worker lanzado: seven_flip sobre EURUSD
[2025-04-19 21:47:52,804] [INFO] Worker lanzado: gaba sobre EURUSD
[2025-04-19 21:47:57,199] [INFO] Worker lanzado: five_flip sobre EURUSD
[2025-04-19 21:47:57,860] [INFO] Worker lanzado: reversao sobre EURUSD
[2025-04-19 21:47:59,889] [INFO] Worker lanzado: tres_vizinhos sobre EURUSD
[2025-04-19 21:48:05,099] [INFO] Worker lanzado: torres_gemeas sobre EURUSD
[2025-04-19 21:48:08,045] [INFO] Worker lanzado: tres_mosqueteiros sobre EURUSD
[2025-04-19 21:48:11,139] [INFO] Worker lanzado: mhi1_maioria sobre USDJPY-OTC
[2025-04-19 21:48:12,659] [INFO] Worker lanzado: mhi1_minoria sobre USDJPY-OTC
[2025-04-19 21:48:16,277] [INFO] Worker lanzado: mhi2_maioria sobre USDJPY-OTC
[2025-04-19 21:48:17,701] [INFO] Worker lanzado: mhi2_minoria sobre USDJPY-OTC
[2025-04-19 21:48:19,550] [INFO] Worker lanzado: mhi3_maioria sobre USDJPY-OTC
[2025-04-19 21:48:22,991] [INFO] Worker lanzado: mhi3_minoria sobre USDJPY-OTC
[2025-04-19 21:48:27,008] [INFO] Worker lanzado: milhao_maioria sobre USDJPY-OTC
[2025-04-19 21:48:28,786] [INFO] Worker lanzado: milhao_minoria sobre USDJPY-OTC
[2025-04-19 21:48:31,290] [INFO] Worker lanzado: padrao_impar sobre USDJPY-OTC
[2025-04-19 21:48:34,731] [INFO] Worker lanzado: melhor_de_3 sobre USDJPY-OTC
[2025-04-19 21:48:35,848] [INFO] Worker lanzado: padrao_23 sobre USDJPY-OTC
[2025-04-19 21:48:37,967] [INFO] Worker lanzado: turno_over sobre USDJPY-OTC
[2025-04-19 21:48:42,674] [INFO] Worker lanzado: seven_flip sobre USDJPY-OTC
[2025-04-19 21:48:48,973] [INFO] Worker lanzado: gaba sobre USDJPY-OTC
[2025-04-19 21:48:52,748] [INFO] Worker lanzado: five_flip sobre USDJPY-OTC
[2025-04-19 21:48:54,074] [INFO] Worker lanzado: reversao sobre USDJPY-OTC
[2025-04-19 21:48:58,199] [INFO] Worker lanzado: tres_vizinhos sobre USDJPY-OTC
[2025-04-19 21:49:06,570] [INFO] Worker lanzado: torres_gemeas sobre USDJPY-OTC
[2025-04-19 21:49:09,148] [INFO] Worker lanzado: tres_mosqueteiros sobre USDJPY-OTC
[2025-04-19 21:49:09,915] [INFO] Worker lanzado: mhi1_maioria sobre GBPUSD
[2025-04-19 21:49:17,445] [INFO] Worker lanzado: mhi1_minoria sobre GBPUSD
[2025-04-19 21:49:25,779] [INFO] Worker lanzado: mhi2_maioria sobre GBPUSD
[2025-04-19 21:49:29,849] [INFO] Worker lanzado: mhi2_minoria sobre GBPUSD
[2025-04-19 21:49:35,036] [INFO] Worker lanzado: mhi3_maioria sobre GBPUSD
[2025-04-19 21:49:44,099] [INFO] Worker lanzado: mhi3_minoria sobre GBPUSD
[2025-04-19 21:49:45,550] [INFO] Worker lanzado: milhao_maioria sobre GBPUSD
[2025-04-19 21:49:48,608] [INFO] Worker lanzado: milhao_minoria sobre GBPUSD
[2025-04-19 21:50:02,449] [INFO] Worker lanzado: padrao_impar sobre GBPUSD
[2025-04-19 21:50:26,060] [WARNING] Ping fallido, reconectando broker: 'NoneType' object is not subscriptable
[2025-04-19 21:50:42,088] [INFO] Worker lanzado: melhor_de_3 sobre GBPUSD
