[2025-04-18 23:41:01,336] [INFO] Worker lanzado: mhi1_maioria sobre EURUSD
[2025-04-18 23:41:01,634] [INFO] Worker lanzado: mhi1_minoria sobre EURUSD
[2025-04-18 23:41:02,211] [INFO] Worker lanzado: mhi2_maioria sobre EURUSD
[2025-04-18 23:41:02,729] [INFO] Worker lanzado: mhi2_minoria sobre EURUSD
[2025-04-18 23:41:03,764] [INFO] Worker lanzado: mhi3_maioria sobre EURUSD
[2025-04-18 23:41:04,918] [INFO] Worker lanzado: mhi3_minoria sobre EURUSD
[2025-04-18 23:41:07,229] [INFO] Worker lanzado: milhao_maioria sobre EURUSD
[2025-04-18 23:41:09,961] [INFO] Worker lanzado: milhao_minoria sobre EURUSD
[2025-04-18 23:41:11,966] [INFO] Worker lanzado: padrao_impar sobre EURUSD
[2025-04-18 23:41:14,693] [INFO] Worker lanzado: melhor_de_3 sobre EURUSD
[2025-04-18 23:41:15,978] [INFO] Worker lanzado: padrao_23 sobre EURUSD
[2025-04-18 23:41:18,178] [INFO] Worker lanzado: turno_over sobre EURUSD
[2025-04-18 23:41:21,138] [INFO] Worker lanzado: seven_flip sobre EURUSD
[2025-04-18 23:41:24,105] [INFO] Worker lanzado: gaba sobre EURUSD
[2025-04-18 23:41:25,038] [INFO] Worker lanzado: five_flip sobre EURUSD
[2025-04-18 23:41:26,505] [INFO] Worker lanzado: reversao sobre EURUSD
[2025-04-18 23:41:27,127] [INFO] Worker lanzado: tres_vizinhos sobre EURUSD
[2025-04-18 23:41:27,644] [INFO] Worker lanzado: torres_gemeas sobre EURUSD
[2025-04-18 23:41:28,068] [INFO] Worker lanzado: tres_mosqueteiros sobre EURUSD
[2025-04-18 23:41:28,180] [INFO] Worker lanzado: mhi1_maioria sobre USDJPY-OTC
[2025-04-18 23:41:28,271] [INFO] Worker lanzado: mhi1_minoria sobre USDJPY-OTC
[2025-04-18 23:41:28,319] [INFO] Worker lanzado: mhi2_maioria sobre USDJPY-OTC
[2025-04-18 23:41:28,619] [INFO] Worker lanzado: mhi2_minoria sobre USDJPY-OTC
[2025-04-18 23:41:28,963] [INFO] Worker lanzado: mhi3_maioria sobre USDJPY-OTC
[2025-04-18 23:41:29,353] [INFO] Worker lanzado: mhi3_minoria sobre USDJPY-OTC
[2025-04-18 23:41:29,509] [INFO] Worker lanzado: milhao_maioria sobre USDJPY-OTC
[2025-04-18 23:41:30,115] [INFO] Worker lanzado: milhao_minoria sobre USDJPY-OTC
[2025-04-18 23:41:30,392] [INFO] Worker lanzado: padrao_impar sobre USDJPY-OTC
[2025-04-18 23:41:31,066] [INFO] Worker lanzado: melhor_de_3 sobre USDJPY-OTC
[2025-04-18 23:41:31,360] [INFO] Worker lanzado: padrao_23 sobre USDJPY-OTC
[2025-04-18 23:41:31,644] [INFO] Worker lanzado: turno_over sobre USDJPY-OTC
[2025-04-18 23:41:33,939] [INFO] Worker lanzado: seven_flip sobre USDJPY-OTC
[2025-04-18 23:41:34,607] [INFO] Worker lanzado: gaba sobre USDJPY-OTC
[2025-04-18 23:41:36,466] [INFO] Worker lanzado: five_flip sobre USDJPY-OTC
[2025-04-18 23:41:37,134] [INFO] Worker lanzado: reversao sobre USDJPY-OTC
[2025-04-18 23:41:37,881] [INFO] Worker lanzado: tres_vizinhos sobre USDJPY-OTC
[2025-04-18 23:41:38,075] [INFO] Worker lanzado: torres_gemeas sobre USDJPY-OTC
[2025-04-18 23:41:38,820] [INFO] Worker lanzado: tres_mosqueteiros sobre USDJPY-OTC
[2025-04-18 23:41:39,079] [INFO] Worker lanzado: mhi1_maioria sobre GBPUSD
[2025-04-18 23:41:39,424] [INFO] Worker lanzado: mhi1_minoria sobre GBPUSD
[2025-04-18 23:41:39,812] [INFO] Worker lanzado: mhi2_maioria sobre GBPUSD
[2025-04-18 23:41:40,249] [INFO] Worker lanzado: mhi2_minoria sobre GBPUSD
[2025-04-18 23:41:40,562] [INFO] Worker lanzado: mhi3_maioria sobre GBPUSD
[2025-04-18 23:41:40,739] [INFO] Worker lanzado: mhi3_minoria sobre GBPUSD
[2025-04-18 23:41:40,917] [INFO] Worker lanzado: milhao_maioria sobre GBPUSD
[2025-04-18 23:41:41,352] [INFO] Worker lanzado: milhao_minoria sobre GBPUSD
[2025-04-18 23:41:41,770] [INFO] Worker lanzado: padrao_impar sobre GBPUSD
[2025-04-18 23:41:42,051] [INFO] Worker lanzado: melhor_de_3 sobre GBPUSD
[2025-04-18 23:41:42,240] [INFO] Worker lanzado: padrao_23 sobre GBPUSD
[2025-04-18 23:41:42,384] [INFO] Worker lanzado: turno_over sobre GBPUSD
[2025-04-18 23:41:42,602] [INFO] Worker lanzado: seven_flip sobre GBPUSD
[2025-04-18 23:41:43,166] [INFO] Worker lanzado: gaba sobre GBPUSD
[2025-04-18 23:41:43,996] [INFO] Worker lanzado: five_flip sobre GBPUSD
[2025-04-18 23:41:44,933] [INFO] Worker lanzado: reversao sobre GBPUSD
[2025-04-18 23:41:45,199] [INFO] Worker lanzado: tres_vizinhos sobre GBPUSD
[2025-04-18 23:41:45,278] [INFO] Worker lanzado: torres_gemeas sobre GBPUSD
[2025-04-18 23:41:45,402] [INFO] Worker lanzado: tres_mosqueteiros sobre GBPUSD
[2025-04-18 23:41:45,543] [INFO] Núcleo en ejecución continua.
