[2025-05-08 14:59:02,247] [INFO] Cuenta configurada en DEMO: modo PRACTICE.
[2025-05-08 14:59:02,247] [INFO] Configurando entorno...
[2025-05-08 14:59:08,029] [INFO] Datos de mercado almacenados.
[2025-05-08 14:59:08,030] [INFO] Ejecutando backtest del ensemble...
[2025-05-08 14:59:10,887] [INFO] Backtest completado.
[2025-05-08 14:59:10,931] [INFO] Scheduler GA iniciado.
[2025-05-08 14:59:10,931] [INFO] Iniciando núcleo en tiempo real...
[2025-05-08 16:31:56,822] [INFO] Cuenta configurada en DEMO: modo PRACTICE.
[2025-05-08 16:31:56,823] [INFO] Configurando entorno...
[2025-05-08 16:32:04,113] [INFO] Datos de mercado almacenados.
[2025-05-08 16:32:04,117] [INFO] Ejecutando backtest del ensemble...
[2025-05-08 16:32:06,410] [INFO] Backtest completado.
[2025-05-08 16:32:06,439] [INFO] Scheduler GA iniciado.
[2025-05-08 16:32:06,440] [INFO] Iniciando núcleo en tiempo real...
[2025-05-08 17:47:03,418] [INFO] Cuenta configurada en DEMO: modo PRACTICE.
[2025-05-08 17:47:03,418] [INFO] Configurando entorno...
[2025-05-08 17:47:12,948] [INFO] Datos de mercado almacenados.
[2025-05-08 17:47:12,948] [INFO] Ejecutando backtest del ensemble...
[2025-05-08 17:47:15,898] [INFO] Backtest completado.
[2025-05-08 17:47:15,959] [INFO] Scheduler GA iniciado.
[2025-05-08 17:47:15,959] [INFO] Iniciando núcleo en tiempo real...
[2025-05-08 20:11:05,453] [INFO] Cuenta configurada en DEMO: modo PRACTICE.
[2025-05-08 20:11:05,453] [INFO] Configurando entorno...
