[2025-05-01 09:15:36,700] [INFO] Cuenta configurada en DEMO: modo PRACTICE.
[2025-05-01 09:15:36,701] [INFO] Configurando entorno...
[2025-05-01 09:17:58,477] [INFO] Cuenta configurada en DEMO: modo PRACTICE.
[2025-05-01 09:17:58,478] [INFO] Configurando entorno...
[2025-05-01 09:18:54,020] [INFO] Datos de mercado almacenados.
[2025-05-01 09:18:54,022] [INFO] Ejecutando backtest del ensemble...
[2025-05-01 09:19:01,706] [INFO] Backtest completado.
[2025-05-01 09:19:01,755] [INFO] Scheduler GA iniciado.
[2025-05-01 09:19:01,756] [INFO] Iniciando núcleo en tiempo real...
[2025-05-01 09:43:41,830] [INFO] Cuenta configurada en DEMO: modo PRACTICE.
[2025-05-01 09:43:41,834] [INFO] Configurando entorno...
[2025-05-01 09:51:30,784] [INFO] Cuenta configurada en DEMO: modo PRACTICE.
[2025-05-01 09:51:30,785] [INFO] Configurando entorno...
[2025-05-01 09:52:11,887] [INFO] Datos de mercado almacenados.
[2025-05-01 09:52:11,895] [INFO] Ejecutando backtest del ensemble...
[2025-05-01 09:52:15,187] [INFO] Backtest completado.
[2025-05-01 09:52:15,234] [INFO] Scheduler GA iniciado.
[2025-05-01 09:52:15,234] [INFO] Iniciando núcleo en tiempo real...
[2025-05-01 09:59:30,861] [INFO] Cuenta configurada en DEMO: modo PRACTICE.
[2025-05-01 09:59:30,861] [INFO] Configurando entorno...
[2025-05-01 10:00:13,158] [INFO] Datos de mercado almacenados.
[2025-05-01 10:00:13,159] [INFO] Ejecutando backtest del ensemble...
[2025-05-01 10:00:15,742] [INFO] Backtest completado.
[2025-05-01 10:00:15,789] [INFO] Scheduler GA iniciado.
[2025-05-01 10:00:15,789] [INFO] Iniciando núcleo en tiempo real...
[2025-05-01 10:03:12,470] [INFO] Cuenta configurada en DEMO: modo PRACTICE.
[2025-05-01 10:03:12,471] [INFO] Configurando entorno...
[2025-05-01 10:04:02,259] [INFO] Datos de mercado almacenados.
[2025-05-01 10:04:02,259] [INFO] Ejecutando backtest del ensemble...
[2025-05-01 10:04:05,195] [INFO] Backtest completado.
[2025-05-01 10:04:05,234] [INFO] Scheduler GA iniciado.
[2025-05-01 10:04:05,235] [INFO] Iniciando núcleo en tiempo real...
[2025-05-01 10:04:15,310] [INFO] Cuenta configurada en DEMO: modo PRACTICE.
[2025-05-01 10:04:15,311] [INFO] Configurando entorno...
[2025-05-01 10:05:06,924] [INFO] Datos de mercado almacenados.
[2025-05-01 10:05:06,924] [INFO] Ejecutando backtest del ensemble...
[2025-05-01 10:05:10,438] [INFO] Backtest completado.
[2025-05-01 10:05:10,488] [INFO] Scheduler GA iniciado.
[2025-05-01 10:05:10,488] [INFO] Iniciando núcleo en tiempo real...
[2025-05-01 10:16:20,459] [INFO] Cuenta configurada en DEMO: modo PRACTICE.
[2025-05-01 10:16:20,459] [INFO] Configurando entorno...
[2025-05-01 10:17:01,656] [INFO] Datos de mercado almacenados.
[2025-05-01 10:17:01,656] [INFO] Ejecutando backtest del ensemble...
[2025-05-01 10:17:04,551] [INFO] Backtest completado.
[2025-05-01 10:17:04,605] [INFO] Scheduler GA iniciado.
[2025-05-01 10:17:04,606] [INFO] Iniciando núcleo en tiempo real...
[2025-05-01 10:34:30,106] [INFO] Cuenta configurada en DEMO: modo PRACTICE.
[2025-05-01 10:34:30,107] [INFO] Configurando entorno...
[2025-05-01 10:35:12,339] [INFO] Datos de mercado almacenados.
[2025-05-01 10:35:12,339] [INFO] Ejecutando backtest del ensemble...
[2025-05-01 10:35:15,148] [INFO] Backtest completado.
[2025-05-01 10:35:15,210] [INFO] Scheduler GA iniciado.
[2025-05-01 10:35:15,211] [INFO] Iniciando núcleo en tiempo real...
[2025-05-01 11:31:21,642] [INFO] Cuenta configurada en DEMO: modo PRACTICE.
[2025-05-01 11:31:21,642] [INFO] Configurando entorno...
[2025-05-01 11:32:16,219] [INFO] Datos de mercado almacenados.
[2025-05-01 11:32:16,220] [INFO] Ejecutando backtest del ensemble...
[2025-05-01 11:32:19,310] [INFO] Backtest completado.
[2025-05-01 11:32:19,346] [INFO] Scheduler GA iniciado.
[2025-05-01 11:32:19,346] [INFO] Iniciando núcleo en tiempo real...
[2025-05-01 11:56:10,910] [INFO] Cuenta configurada en DEMO: modo PRACTICE.
[2025-05-01 11:56:10,910] [INFO] Configurando entorno...
[2025-05-01 11:59:25,555] [INFO] Cuenta configurada en DEMO: modo PRACTICE.
[2025-05-01 11:59:25,555] [INFO] Configurando entorno...
[2025-05-01 12:00:05,257] [INFO] Datos de mercado almacenados.
[2025-05-01 12:00:05,257] [INFO] Ejecutando backtest del ensemble...
[2025-05-01 12:00:10,124] [INFO] Backtest completado.
[2025-05-01 12:00:10,220] [INFO] Scheduler GA iniciado.
[2025-05-01 12:00:10,220] [INFO] Iniciando núcleo en tiempo real...
[2025-05-01 12:15:25,801] [INFO] Cuenta configurada en DEMO: modo PRACTICE.
[2025-05-01 12:15:25,802] [INFO] Configurando entorno...
[2025-05-01 12:16:07,775] [INFO] Datos de mercado almacenados.
[2025-05-01 12:16:07,775] [INFO] Ejecutando backtest del ensemble...
[2025-05-01 12:16:11,027] [INFO] Backtest completado.
[2025-05-01 12:16:11,058] [INFO] Scheduler GA iniciado.
[2025-05-01 12:16:11,058] [INFO] Iniciando núcleo en tiempo real...
[2025-05-01 12:24:42,252] [INFO] Cuenta configurada en DEMO: modo PRACTICE.
[2025-05-01 12:24:42,253] [INFO] Configurando entorno...
[2025-05-01 12:25:24,759] [INFO] Datos de mercado almacenados.
[2025-05-01 12:25:24,760] [INFO] Ejecutando backtest del ensemble...
[2025-05-01 12:25:28,738] [INFO] Backtest completado.
[2025-05-01 12:25:28,791] [INFO] Scheduler GA iniciado.
[2025-05-01 12:25:28,791] [INFO] Iniciando núcleo en tiempo real...
[2025-05-01 12:30:03,819] [INFO] Cuenta configurada en DEMO: modo PRACTICE.
[2025-05-01 12:30:03,819] [INFO] Configurando entorno...
[2025-05-01 12:30:53,238] [INFO] Datos de mercado almacenados.
[2025-05-01 12:30:53,238] [INFO] Ejecutando backtest del ensemble...
[2025-05-01 12:30:55,966] [INFO] Backtest completado.
[2025-05-01 12:30:55,997] [INFO] Scheduler GA iniciado.
[2025-05-01 12:30:55,997] [INFO] Iniciando núcleo en tiempo real...
[2025-05-01 13:15:41,169] [INFO] Cuenta configurada en DEMO: modo PRACTICE.
[2025-05-01 13:15:41,169] [INFO] Configurando entorno...
[2025-05-01 13:16:22,393] [INFO] Datos de mercado almacenados.
[2025-05-01 13:16:22,393] [INFO] Ejecutando backtest del ensemble...
[2025-05-01 13:16:25,285] [INFO] Backtest completado.
[2025-05-01 13:16:25,346] [INFO] Scheduler GA iniciado.
[2025-05-01 13:16:25,347] [INFO] Iniciando núcleo en tiempo real...
[2025-05-01 13:41:49,226] [INFO] Cuenta configurada en DEMO: modo PRACTICE.
[2025-05-01 13:41:49,227] [INFO] Configurando entorno...
[2025-05-01 13:43:08,032] [INFO] Datos de mercado almacenados.
[2025-05-01 13:43:08,033] [INFO] Ejecutando backtest del ensemble...
[2025-05-01 13:43:32,077] [INFO] Backtest completado.
[2025-05-01 13:43:33,737] [INFO] Scheduler GA iniciado.
[2025-05-01 13:43:33,771] [INFO] Iniciando núcleo en tiempo real...
