[2025-04-23 16:28:54,033] [INFO] Cuenta configurada en DEMO: operando sobre IQ Option API en modo PRACTICE.
[2025-04-23 16:28:54,033] [INFO] Configurando entorno...
[2025-04-23 16:38:26,463] [INFO] Cuenta configurada en DEMO: operando sobre IQ Option API en modo PRACTICE.
[2025-04-23 16:38:26,466] [INFO] Configurando entorno...
[2025-04-23 17:29:03,940] [INFO] Cuenta configurada en DEMO: operando sobre IQ Option API en modo PRACTICE.
[2025-04-23 17:29:03,940] [INFO] Configurando entorno...
[2025-04-23 17:31:29,397] [INFO] Cuenta configurada en DEMO: operando sobre IQ Option API en modo PRACTICE.
[2025-04-23 17:31:29,401] [INFO] Configurando entorno...
[2025-04-23 17:31:51,201] [INFO] Datos de mercado almacenados
[2025-04-23 17:31:51,201] [INFO] Ejecutando backtest del ensemble...
[2025-04-23 17:54:39,613] [INFO] Cuenta configurada en DEMO: operando sobre IQ Option API en modo PRACTICE.
[2025-04-23 17:54:39,613] [INFO] Configurando entorno...
[2025-04-23 17:55:09,664] [INFO] Datos de mercado almacenados
[2025-04-23 17:55:09,664] [INFO] Ejecutando backtest del ensemble...
[2025-04-23 18:01:04,267] [INFO] Cuenta configurada en DEMO: operando sobre IQ Option API en modo PRACTICE.
[2025-04-23 18:01:04,267] [INFO] Configurando entorno...
[2025-04-23 18:01:26,649] [INFO] Datos de mercado almacenados
[2025-04-23 18:01:26,649] [INFO] Ejecutando backtest del ensemble...
[2025-04-23 18:01:33,008] [INFO] Backtest completado.
[2025-04-23 18:01:33,633] [INFO] Scheduler GA iniciado
[2025-04-23 18:01:33,633] [INFO] Ejecutando núcleo en modo TIEMPO REAL...
[2025-04-23 18:32:37,666] [INFO] Cuenta configurada en DEMO: operando sobre IQ Option API en modo PRACTICE.
[2025-04-23 18:32:37,666] [INFO] Configurando entorno...
[2025-04-23 18:33:03,906] [INFO] Datos de mercado almacenados
[2025-04-23 18:33:03,907] [INFO] Ejecutando backtest del ensemble...
[2025-04-23 18:33:06,550] [INFO] Backtest completado.
[2025-04-23 18:33:06,572] [INFO] Scheduler GA iniciado
[2025-04-23 18:33:06,572] [INFO] Ejecutando núcleo en modo TIEMPO REAL...
